#
# There is insufficient memory for the Java Runtime Environment to continue.
# Native memory allocation (malloc) failed to allocate 278336 bytes. Error detail: Chunk::new
# Possible reasons:
#   The system is out of physical RAM or swap space
#   This process is running with CompressedOops enabled, and the Java Heap may be blocking the growth of the native heap
# Possible solutions:
#   Reduce memory load on the system
#   Increase physical memory or swap space
#   Check if swap backing store is full
#   Decrease Java heap size (-Xmx/-Xms)
#   Decrease number of Java threads
#   Decrease Java thread stack sizes (-Xss)
#   Set larger code cache with -XX:ReservedCodeCacheSize=
#   JVM is running with Unscaled Compressed Oops mode in which the Java heap is
#     placed in the first 4GB address space. The Java Heap base address is the
#     maximum limit for the native heap growth. Please use -XX:HeapBaseMinAddress
#     to set the Java Heap base and to place the Java Heap above 4GB virtual address.
# This output file may be truncated or incomplete.
#
#  Out of Memory Error (arena.cpp:191), pid=17864, tid=15756
#
# JRE version: OpenJDK Runtime Environment (17.0.11) (build 17.0.11+0--11852314)
# Java VM: OpenJDK 64-Bit Server VM (17.0.11+0--11852314, mixed mode, tiered, compressed oops, compressed class ptrs, g1 gc, windows-amd64)
# No core dump will be written. Minidumps are not enabled by default on client versions of Windows
#

---------------  S U M M A R Y ------------

Command Line: org.jetbrains.kotlin.cli.jvm.K2JVMCompiler @C:\Users\eveli\AndroidStudioProjects\LayoutApp\app\build\20241115_1449487327697069825.compiler.options

Host: 11th Gen Intel(R) Core(TM) i5-1135G7 @ 2.40GHz, 8 cores, 7G,  Windows 11 , 64 bit Build 22621 (10.0.22621.4435)
Time: Fri Nov 15 13:56:05 2024 Hora Padrão de Buenos Aires elapsed time: 0.646597 seconds (0d 0h 0m 0s)

---------------  T H R E A D  ---------------

Current thread (0x000001fa86ac9e50):  JavaThread "C2 CompilerThread1" daemon [_thread_in_native, id=15756, stack(0x000000ec4ae00000,0x000000ec4af00000)]


Current CompileTask:
C2:    646  718   !   4       java.util.zip.ZipFile$Source::getEntryPos (195 bytes)

Stack: [0x000000ec4ae00000,0x000000ec4af00000]
Native frames: (J=compiled Java code, j=interpreted, Vv=VM code, C=native code)
V  [jvm.dll+0x687bb9]
V  [jvm.dll+0x84142a]
V  [jvm.dll+0x8430ae]
V  [jvm.dll+0x843713]
V  [jvm.dll+0x24a35f]
V  [jvm.dll+0xac544]
V  [jvm.dll+0xacb8c]
V  [jvm.dll+0x2b194f]
V  [jvm.dll+0x58eba7]
V  [jvm.dll+0x2247e2]
V  [jvm.dll+0x224bdf]
V  [jvm.dll+0x21dd00]
V  [jvm.dll+0x21b201]
V  [jvm.dll+0x1a63ed]
V  [jvm.dll+0x22b1ee]
V  [jvm.dll+0x229375]
V  [jvm.dll+0x7f5647]
V  [jvm.dll+0x7efa4a]
V  [jvm.dll+0x686a35]
C  [ucrtbase.dll+0x29333]
C  [KERNEL32.DLL+0x1259d]
C  [ntdll.dll+0x5af38]


---------------  P R O C E S S  ---------------

Threads class SMR info:
_java_thread_list=0x000001fa86ac2c70, length=13, elements={
0x000001faeca9a4b0, 0x000001fa868c2260, 0x000001fa868c2c20, 0x000001fa868fc170,
0x000001fa868fca40, 0x000001fa868fd400, 0x000001fa868fddc0, 0x000001fa868f2470,
0x000001fa868f3320, 0x000001fa868f54e0, 0x000001fa86aacb10, 0x000001fa86aadab0,
0x000001fa86ac9e50
}

Java Threads: ( => current thread )
  0x000001faeca9a4b0 JavaThread "main" [_thread_in_vm, id=9564, stack(0x000000ec49b00000,0x000000ec49c00000)]
  0x000001fa868c2260 JavaThread "Reference Handler" daemon [_thread_blocked, id=14936, stack(0x000000ec4a200000,0x000000ec4a300000)]
  0x000001fa868c2c20 JavaThread "Finalizer" daemon [_thread_blocked, id=13880, stack(0x000000ec4a300000,0x000000ec4a400000)]
  0x000001fa868fc170 JavaThread "Signal Dispatcher" daemon [_thread_blocked, id=17628, stack(0x000000ec4a400000,0x000000ec4a500000)]
  0x000001fa868fca40 JavaThread "Attach Listener" daemon [_thread_blocked, id=15116, stack(0x000000ec4a500000,0x000000ec4a600000)]
  0x000001fa868fd400 JavaThread "Service Thread" daemon [_thread_blocked, id=12644, stack(0x000000ec4a600000,0x000000ec4a700000)]
  0x000001fa868fddc0 JavaThread "Monitor Deflation Thread" daemon [_thread_blocked, id=17356, stack(0x000000ec4a700000,0x000000ec4a800000)]
  0x000001fa868f2470 JavaThread "C2 CompilerThread0" daemon [_thread_in_native, id=15664, stack(0x000000ec4a800000,0x000000ec4a900000)]
  0x000001fa868f3320 JavaThread "C1 CompilerThread0" daemon [_thread_in_vm, id=7220, stack(0x000000ec4a900000,0x000000ec4aa00000)]
  0x000001fa868f54e0 JavaThread "Sweeper thread" daemon [_thread_blocked, id=6608, stack(0x000000ec4aa00000,0x000000ec4ab00000)]
  0x000001fa86aacb10 JavaThread "Notification Thread" daemon [_thread_blocked, id=15744, stack(0x000000ec4ab00000,0x000000ec4ac00000)]
  0x000001fa86aadab0 JavaThread "Common-Cleaner" daemon [_thread_blocked, id=7688, stack(0x000000ec4ad00000,0x000000ec4ae00000)]
=>0x000001fa86ac9e50 JavaThread "C2 CompilerThread1" daemon [_thread_in_native, id=15756, stack(0x000000ec4ae00000,0x000000ec4af00000)]

Other Threads:
  0x000001fa8689f620 VMThread "VM Thread" [stack: 0x000000ec4a100000,0x000000ec4a200000] [id=4696]
  0x000001fa86aacff0 WatcherThread [stack: 0x000000ec4ac00000,0x000000ec4ad00000] [id=908]
  0x000001faecaf4ed0 GCTaskThread "GC Thread#0" [stack: 0x000000ec49c00000,0x000000ec49d00000] [id=12344]
  0x000001fa8b3c1b50 GCTaskThread "GC Thread#1" [stack: 0x000000ec4af00000,0x000000ec4b000000] [id=12468]
  0x000001fa8b2fceb0 GCTaskThread "GC Thread#2" [stack: 0x000000ec4b000000,0x000000ec4b100000] [id=12776]
  0x000001fa8b2ff180 GCTaskThread "GC Thread#3" [stack: 0x000000ec4b100000,0x000000ec4b200000] [id=8208]
  0x000001fa8b2ff440 GCTaskThread "GC Thread#4" [stack: 0x000000ec4b200000,0x000000ec4b300000] [id=18428]
  0x000001faecb055a0 ConcurrentGCThread "G1 Main Marker" [stack: 0x000000ec49d00000,0x000000ec49e00000] [id=7028]
  0x000001faecb07780 ConcurrentGCThread "G1 Conc#0" [stack: 0x000000ec49e00000,0x000000ec49f00000] [id=11124]
  0x000001fa86057f60 ConcurrentGCThread "G1 Refine#0" [stack: 0x000000ec49f00000,0x000000ec4a000000] [id=18228]
  0x000001fa86058990 ConcurrentGCThread "G1 Service" [stack: 0x000000ec4a000000,0x000000ec4a100000] [id=1968]

Threads with active compile tasks:
C2 CompilerThread0      661  719   !   4       java.util.zip.ZipFile::getEntry (59 bytes)
C1 CompilerThread0      661  748       3       kotlin.reflect.jvm.internal.impl.protobuf.GeneratedMessageLite::parseUnknownField (518 bytes)
C2 CompilerThread1      661  718   !   4       java.util.zip.ZipFile$Source::getEntryPos (195 bytes)

VM state: not at safepoint (normal execution)

VM Mutex/Monitor currently owned by a thread:  ([mutex/lock_event])
[0x000001faeca94de0] Metaspace_lock - owner thread: 0x000001fa868f3320
[0x000001faeca96850] MethodData_lock - owner thread: 0x000001fa868f3320

Heap address: 0x0000000084400000, size: 1980 MB, Compressed Oops mode: 32-bit

CDS archive(s) not mapped
Compressed class space mapped at: 0x0000000100000000-0x0000000140000000, reserved size: 1073741824
Narrow klass base: 0x0000000000000000, Narrow klass shift: 3, Narrow klass range: 0x140000000

GC Precious Log:
 CPUs: 8 total, 8 available
 Memory: 7915M
 Large Page Support: Disabled
 NUMA Support: Disabled
 Compressed Oops: Enabled (32-bit)
 Heap Region Size: 1M
 Heap Min Capacity: 8M
 Heap Initial Capacity: 124M
 Heap Max Capacity: 1980M
 Pre-touch: Disabled
 Parallel Workers: 8
 Concurrent Workers: 2
 Concurrent Refinement Workers: 8
 Periodic GC: Disabled

Heap:
 garbage-first heap   total 126976K, used 9971K [0x0000000084400000, 0x0000000100000000)
  region size 1024K, 7 young (7168K), 3 survivors (3072K)
 Metaspace       used 13973K, committed 14144K, reserved 1114112K
  class space    used 1364K, committed 1472K, reserved 1048576K

Heap Regions: E=young(eden), S=young(survivor), O=old, HS=humongous(starts), HC=humongous(continues), CS=collection set, F=free, OA=open archive, CA=closed archive, TAMS=top-at-mark-start (previous, next)
|   0|0x0000000084400000, 0x0000000084500000, 0x0000000084500000|100%|HS|  |TAMS 0x0000000084400000, 0x0000000084400000| Complete 
|   1|0x0000000084500000, 0x0000000084600000, 0x0000000084600000|100%|HC|  |TAMS 0x0000000084500000, 0x0000000084500000| Complete 
|   2|0x0000000084600000, 0x0000000084700000, 0x0000000084700000|100%|HC|  |TAMS 0x0000000084600000, 0x0000000084600000| Complete 
|   3|0x0000000084700000, 0x0000000084800000, 0x0000000084800000|100%|HC|  |TAMS 0x0000000084700000, 0x0000000084700000| Complete 
|   4|0x0000000084800000, 0x0000000084800000, 0x0000000084900000|  0%| F|  |TAMS 0x0000000084800000, 0x0000000084800000| Untracked 
|   5|0x0000000084900000, 0x0000000084900000, 0x0000000084a00000|  0%| F|  |TAMS 0x0000000084900000, 0x0000000084900000| Untracked 
|   6|0x0000000084a00000, 0x0000000084a00000, 0x0000000084b00000|  0%| F|  |TAMS 0x0000000084a00000, 0x0000000084a00000| Untracked 
|   7|0x0000000084b00000, 0x0000000084b00000, 0x0000000084c00000|  0%| F|  |TAMS 0x0000000084b00000, 0x0000000084b00000| Untracked 
|   8|0x0000000084c00000, 0x0000000084c00000, 0x0000000084d00000|  0%| F|  |TAMS 0x0000000084c00000, 0x0000000084c00000| Untracked 
|   9|0x0000000084d00000, 0x0000000084d00000, 0x0000000084e00000|  0%| F|  |TAMS 0x0000000084d00000, 0x0000000084d00000| Untracked 
|  10|0x0000000084e00000, 0x0000000084e00000, 0x0000000084f00000|  0%| F|  |TAMS 0x0000000084e00000, 0x0000000084e00000| Untracked 
|  11|0x0000000084f00000, 0x0000000084f00000, 0x0000000085000000|  0%| F|  |TAMS 0x0000000084f00000, 0x0000000084f00000| Untracked 
|  12|0x0000000085000000, 0x0000000085000000, 0x0000000085100000|  0%| F|  |TAMS 0x0000000085000000, 0x0000000085000000| Untracked 
|  13|0x0000000085100000, 0x0000000085100000, 0x0000000085200000|  0%| F|  |TAMS 0x0000000085100000, 0x0000000085100000| Untracked 
|  14|0x0000000085200000, 0x0000000085200000, 0x0000000085300000|  0%| F|  |TAMS 0x0000000085200000, 0x0000000085200000| Untracked 
|  15|0x0000000085300000, 0x0000000085300000, 0x0000000085400000|  0%| F|  |TAMS 0x0000000085300000, 0x0000000085300000| Untracked 
|  16|0x0000000085400000, 0x0000000085400000, 0x0000000085500000|  0%| F|  |TAMS 0x0000000085400000, 0x0000000085400000| Untracked 
|  17|0x0000000085500000, 0x0000000085500000, 0x0000000085600000|  0%| F|  |TAMS 0x0000000085500000, 0x0000000085500000| Untracked 
|  18|0x0000000085600000, 0x0000000085600000, 0x0000000085700000|  0%| F|  |TAMS 0x0000000085600000, 0x0000000085600000| Untracked 
|  19|0x0000000085700000, 0x0000000085700000, 0x0000000085800000|  0%| F|  |TAMS 0x0000000085700000, 0x0000000085700000| Untracked 
|  20|0x0000000085800000, 0x0000000085800000, 0x0000000085900000|  0%| F|  |TAMS 0x0000000085800000, 0x0000000085800000| Untracked 
|  21|0x0000000085900000, 0x0000000085900000, 0x0000000085a00000|  0%| F|  |TAMS 0x0000000085900000, 0x0000000085900000| Untracked 
|  22|0x0000000085a00000, 0x0000000085a00000, 0x0000000085b00000|  0%| F|  |TAMS 0x0000000085a00000, 0x0000000085a00000| Untracked 
|  23|0x0000000085b00000, 0x0000000085b00000, 0x0000000085c00000|  0%| F|  |TAMS 0x0000000085b00000, 0x0000000085b00000| Untracked 
|  24|0x0000000085c00000, 0x0000000085c00000, 0x0000000085d00000|  0%| F|  |TAMS 0x0000000085c00000, 0x0000000085c00000| Untracked 
|  25|0x0000000085d00000, 0x0000000085d00000, 0x0000000085e00000|  0%| F|  |TAMS 0x0000000085d00000, 0x0000000085d00000| Untracked 
|  26|0x0000000085e00000, 0x0000000085e00000, 0x0000000085f00000|  0%| F|  |TAMS 0x0000000085e00000, 0x0000000085e00000| Untracked 
|  27|0x0000000085f00000, 0x0000000085f00000, 0x0000000086000000|  0%| F|  |TAMS 0x0000000085f00000, 0x0000000085f00000| Untracked 
|  28|0x0000000086000000, 0x0000000086000000, 0x0000000086100000|  0%| F|  |TAMS 0x0000000086000000, 0x0000000086000000| Untracked 
|  29|0x0000000086100000, 0x0000000086100000, 0x0000000086200000|  0%| F|  |TAMS 0x0000000086100000, 0x0000000086100000| Untracked 
|  30|0x0000000086200000, 0x0000000086200000, 0x0000000086300000|  0%| F|  |TAMS 0x0000000086200000, 0x0000000086200000| Untracked 
|  31|0x0000000086300000, 0x0000000086300000, 0x0000000086400000|  0%| F|  |TAMS 0x0000000086300000, 0x0000000086300000| Untracked 
|  32|0x0000000086400000, 0x0000000086400000, 0x0000000086500000|  0%| F|  |TAMS 0x0000000086400000, 0x0000000086400000| Untracked 
|  33|0x0000000086500000, 0x0000000086500000, 0x0000000086600000|  0%| F|  |TAMS 0x0000000086500000, 0x0000000086500000| Untracked 
|  34|0x0000000086600000, 0x0000000086600000, 0x0000000086700000|  0%| F|  |TAMS 0x0000000086600000, 0x0000000086600000| Untracked 
|  35|0x0000000086700000, 0x0000000086700000, 0x0000000086800000|  0%| F|  |TAMS 0x0000000086700000, 0x0000000086700000| Untracked 
|  36|0x0000000086800000, 0x0000000086800000, 0x0000000086900000|  0%| F|  |TAMS 0x0000000086800000, 0x0000000086800000| Untracked 
|  37|0x0000000086900000, 0x0000000086900000, 0x0000000086a00000|  0%| F|  |TAMS 0x0000000086900000, 0x0000000086900000| Untracked 
|  38|0x0000000086a00000, 0x0000000086a00000, 0x0000000086b00000|  0%| F|  |TAMS 0x0000000086a00000, 0x0000000086a00000| Untracked 
|  39|0x0000000086b00000, 0x0000000086b00000, 0x0000000086c00000|  0%| F|  |TAMS 0x0000000086b00000, 0x0000000086b00000| Untracked 
|  40|0x0000000086c00000, 0x0000000086c00000, 0x0000000086d00000|  0%| F|  |TAMS 0x0000000086c00000, 0x0000000086c00000| Untracked 
|  41|0x0000000086d00000, 0x0000000086d00000, 0x0000000086e00000|  0%| F|  |TAMS 0x0000000086d00000, 0x0000000086d00000| Untracked 
|  42|0x0000000086e00000, 0x0000000086e00000, 0x0000000086f00000|  0%| F|  |TAMS 0x0000000086e00000, 0x0000000086e00000| Untracked 
|  43|0x0000000086f00000, 0x0000000086f00000, 0x0000000087000000|  0%| F|  |TAMS 0x0000000086f00000, 0x0000000086f00000| Untracked 
|  44|0x0000000087000000, 0x0000000087000000, 0x0000000087100000|  0%| F|  |TAMS 0x0000000087000000, 0x0000000087000000| Untracked 
|  45|0x0000000087100000, 0x0000000087100000, 0x0000000087200000|  0%| F|  |TAMS 0x0000000087100000, 0x0000000087100000| Untracked 
|  46|0x0000000087200000, 0x0000000087200000, 0x0000000087300000|  0%| F|  |TAMS 0x0000000087200000, 0x0000000087200000| Untracked 
|  47|0x0000000087300000, 0x0000000087300000, 0x0000000087400000|  0%| F|  |TAMS 0x0000000087300000, 0x0000000087300000| Untracked 
|  48|0x0000000087400000, 0x0000000087400000, 0x0000000087500000|  0%| F|  |TAMS 0x0000000087400000, 0x0000000087400000| Untracked 
|  49|0x0000000087500000, 0x0000000087500000, 0x0000000087600000|  0%| F|  |TAMS 0x0000000087500000, 0x0000000087500000| Untracked 
|  50|0x0000000087600000, 0x0000000087600000, 0x0000000087700000|  0%| F|  |TAMS 0x0000000087600000, 0x0000000087600000| Untracked 
|  51|0x0000000087700000, 0x0000000087700000, 0x0000000087800000|  0%| F|  |TAMS 0x0000000087700000, 0x0000000087700000| Untracked 
|  52|0x0000000087800000, 0x0000000087800000, 0x0000000087900000|  0%| F|  |TAMS 0x0000000087800000, 0x0000000087800000| Untracked 
|  53|0x0000000087900000, 0x0000000087900000, 0x0000000087a00000|  0%| F|  |TAMS 0x0000000087900000, 0x0000000087900000| Untracked 
|  54|0x0000000087a00000, 0x0000000087a00000, 0x0000000087b00000|  0%| F|  |TAMS 0x0000000087a00000, 0x0000000087a00000| Untracked 
|  55|0x0000000087b00000, 0x0000000087b00000, 0x0000000087c00000|  0%| F|  |TAMS 0x0000000087b00000, 0x0000000087b00000| Untracked 
|  56|0x0000000087c00000, 0x0000000087c00000, 0x0000000087d00000|  0%| F|  |TAMS 0x0000000087c00000, 0x0000000087c00000| Untracked 
|  57|0x0000000087d00000, 0x0000000087d00000, 0x0000000087e00000|  0%| F|  |TAMS 0x0000000087d00000, 0x0000000087d00000| Untracked 
|  58|0x0000000087e00000, 0x0000000087e00000, 0x0000000087f00000|  0%| F|  |TAMS 0x0000000087e00000, 0x0000000087e00000| Untracked 
|  59|0x0000000087f00000, 0x0000000087f00000, 0x0000000088000000|  0%| F|  |TAMS 0x0000000087f00000, 0x0000000087f00000| Untracked 
|  60|0x0000000088000000, 0x0000000088000000, 0x0000000088100000|  0%| F|  |TAMS 0x0000000088000000, 0x0000000088000000| Untracked 
|  61|0x0000000088100000, 0x0000000088100000, 0x0000000088200000|  0%| F|  |TAMS 0x0000000088100000, 0x0000000088100000| Untracked 
|  62|0x0000000088200000, 0x0000000088200000, 0x0000000088300000|  0%| F|  |TAMS 0x0000000088200000, 0x0000000088200000| Untracked 
|  63|0x0000000088300000, 0x0000000088300000, 0x0000000088400000|  0%| F|  |TAMS 0x0000000088300000, 0x0000000088300000| Untracked 
|  64|0x0000000088400000, 0x0000000088400000, 0x0000000088500000|  0%| F|  |TAMS 0x0000000088400000, 0x0000000088400000| Untracked 
|  65|0x0000000088500000, 0x0000000088500000, 0x0000000088600000|  0%| F|  |TAMS 0x0000000088500000, 0x0000000088500000| Untracked 
|  66|0x0000000088600000, 0x0000000088600000, 0x0000000088700000|  0%| F|  |TAMS 0x0000000088600000, 0x0000000088600000| Untracked 
|  67|0x0000000088700000, 0x0000000088700000, 0x0000000088800000|  0%| F|  |TAMS 0x0000000088700000, 0x0000000088700000| Untracked 
|  68|0x0000000088800000, 0x0000000088800000, 0x0000000088900000|  0%| F|  |TAMS 0x0000000088800000, 0x0000000088800000| Untracked 
|  69|0x0000000088900000, 0x0000000088900000, 0x0000000088a00000|  0%| F|  |TAMS 0x0000000088900000, 0x0000000088900000| Untracked 
|  70|0x0000000088a00000, 0x0000000088a00000, 0x0000000088b00000|  0%| F|  |TAMS 0x0000000088a00000, 0x0000000088a00000| Untracked 
|  71|0x0000000088b00000, 0x0000000088b00000, 0x0000000088c00000|  0%| F|  |TAMS 0x0000000088b00000, 0x0000000088b00000| Untracked 
|  72|0x0000000088c00000, 0x0000000088c00000, 0x0000000088d00000|  0%| F|  |TAMS 0x0000000088c00000, 0x0000000088c00000| Untracked 
|  73|0x0000000088d00000, 0x0000000088d00000, 0x0000000088e00000|  0%| F|  |TAMS 0x0000000088d00000, 0x0000000088d00000| Untracked 
|  74|0x0000000088e00000, 0x0000000088e00000, 0x0000000088f00000|  0%| F|  |TAMS 0x0000000088e00000, 0x0000000088e00000| Untracked 
|  75|0x0000000088f00000, 0x0000000088f00000, 0x0000000089000000|  0%| F|  |TAMS 0x0000000088f00000, 0x0000000088f00000| Untracked 
|  76|0x0000000089000000, 0x0000000089000000, 0x0000000089100000|  0%| F|  |TAMS 0x0000000089000000, 0x0000000089000000| Untracked 
|  77|0x0000000089100000, 0x0000000089100000, 0x0000000089200000|  0%| F|  |TAMS 0x0000000089100000, 0x0000000089100000| Untracked 
|  78|0x0000000089200000, 0x0000000089200000, 0x0000000089300000|  0%| F|  |TAMS 0x0000000089200000, 0x0000000089200000| Untracked 
|  79|0x0000000089300000, 0x0000000089300000, 0x0000000089400000|  0%| F|  |TAMS 0x0000000089300000, 0x0000000089300000| Untracked 
|  80|0x0000000089400000, 0x0000000089400000, 0x0000000089500000|  0%| F|  |TAMS 0x0000000089400000, 0x0000000089400000| Untracked 
|  81|0x0000000089500000, 0x0000000089500000, 0x0000000089600000|  0%| F|  |TAMS 0x0000000089500000, 0x0000000089500000| Untracked 
|  82|0x0000000089600000, 0x0000000089600000, 0x0000000089700000|  0%| F|  |TAMS 0x0000000089600000, 0x0000000089600000| Untracked 
|  83|0x0000000089700000, 0x0000000089700000, 0x0000000089800000|  0%| F|  |TAMS 0x0000000089700000, 0x0000000089700000| Untracked 
|  84|0x0000000089800000, 0x0000000089800000, 0x0000000089900000|  0%| F|  |TAMS 0x0000000089800000, 0x0000000089800000| Untracked 
|  85|0x0000000089900000, 0x0000000089900000, 0x0000000089a00000|  0%| F|  |TAMS 0x0000000089900000, 0x0000000089900000| Untracked 
|  86|0x0000000089a00000, 0x0000000089a00000, 0x0000000089b00000|  0%| F|  |TAMS 0x0000000089a00000, 0x0000000089a00000| Untracked 
|  87|0x0000000089b00000, 0x0000000089b00000, 0x0000000089c00000|  0%| F|  |TAMS 0x0000000089b00000, 0x0000000089b00000| Untracked 
|  88|0x0000000089c00000, 0x0000000089c00000, 0x0000000089d00000|  0%| F|  |TAMS 0x0000000089c00000, 0x0000000089c00000| Untracked 
|  89|0x0000000089d00000, 0x0000000089d00000, 0x0000000089e00000|  0%| F|  |TAMS 0x0000000089d00000, 0x0000000089d00000| Untracked 
|  90|0x0000000089e00000, 0x0000000089e00000, 0x0000000089f00000|  0%| F|  |TAMS 0x0000000089e00000, 0x0000000089e00000| Untracked 
|  91|0x0000000089f00000, 0x0000000089f00000, 0x000000008a000000|  0%| F|  |TAMS 0x0000000089f00000, 0x0000000089f00000| Untracked 
|  92|0x000000008a000000, 0x000000008a000000, 0x000000008a100000|  0%| F|  |TAMS 0x000000008a000000, 0x000000008a000000| Untracked 
|  93|0x000000008a100000, 0x000000008a100000, 0x000000008a200000|  0%| F|  |TAMS 0x000000008a100000, 0x000000008a100000| Untracked 
|  94|0x000000008a200000, 0x000000008a200000, 0x000000008a300000|  0%| F|  |TAMS 0x000000008a200000, 0x000000008a200000| Untracked 
|  95|0x000000008a300000, 0x000000008a300000, 0x000000008a400000|  0%| F|  |TAMS 0x000000008a300000, 0x000000008a300000| Untracked 
|  96|0x000000008a400000, 0x000000008a400000, 0x000000008a500000|  0%| F|  |TAMS 0x000000008a400000, 0x000000008a400000| Untracked 
|  97|0x000000008a500000, 0x000000008a500000, 0x000000008a600000|  0%| F|  |TAMS 0x000000008a500000, 0x000000008a500000| Untracked 
|  98|0x000000008a600000, 0x000000008a6bcc60, 0x000000008a700000| 73%| S|CS|TAMS 0x000000008a600000, 0x000000008a600000| Complete 
|  99|0x000000008a700000, 0x000000008a800000, 0x000000008a800000|100%| S|CS|TAMS 0x000000008a700000, 0x000000008a700000| Complete 
| 100|0x000000008a800000, 0x000000008a900000, 0x000000008a900000|100%| S|CS|TAMS 0x000000008a800000, 0x000000008a800000| Complete 
| 101|0x000000008a900000, 0x000000008a900000, 0x000000008aa00000|  0%| F|  |TAMS 0x000000008a900000, 0x000000008a900000| Untracked 
| 102|0x000000008aa00000, 0x000000008aa00000, 0x000000008ab00000|  0%| F|  |TAMS 0x000000008aa00000, 0x000000008aa00000| Untracked 
| 103|0x000000008ab00000, 0x000000008ab00000, 0x000000008ac00000|  0%| F|  |TAMS 0x000000008ab00000, 0x000000008ab00000| Untracked 
| 104|0x000000008ac00000, 0x000000008ac00000, 0x000000008ad00000|  0%| F|  |TAMS 0x000000008ac00000, 0x000000008ac00000| Untracked 
| 105|0x000000008ad00000, 0x000000008ad00000, 0x000000008ae00000|  0%| F|  |TAMS 0x000000008ad00000, 0x000000008ad00000| Untracked 
| 106|0x000000008ae00000, 0x000000008ae00000, 0x000000008af00000|  0%| F|  |TAMS 0x000000008ae00000, 0x000000008ae00000| Untracked 
| 107|0x000000008af00000, 0x000000008af00000, 0x000000008b000000|  0%| F|  |TAMS 0x000000008af00000, 0x000000008af00000| Untracked 
| 108|0x000000008b000000, 0x000000008b000000, 0x000000008b100000|  0%| F|  |TAMS 0x000000008b000000, 0x000000008b000000| Untracked 
| 109|0x000000008b100000, 0x000000008b100000, 0x000000008b200000|  0%| F|  |TAMS 0x000000008b100000, 0x000000008b100000| Untracked 
| 110|0x000000008b200000, 0x000000008b200000, 0x000000008b300000|  0%| F|  |TAMS 0x000000008b200000, 0x000000008b200000| Untracked 
| 111|0x000000008b300000, 0x000000008b300000, 0x000000008b400000|  0%| F|  |TAMS 0x000000008b300000, 0x000000008b300000| Untracked 
| 112|0x000000008b400000, 0x000000008b400000, 0x000000008b500000|  0%| F|  |TAMS 0x000000008b400000, 0x000000008b400000| Untracked 
| 113|0x000000008b500000, 0x000000008b500000, 0x000000008b600000|  0%| F|  |TAMS 0x000000008b500000, 0x000000008b500000| Untracked 
| 114|0x000000008b600000, 0x000000008b600000, 0x000000008b700000|  0%| F|  |TAMS 0x000000008b600000, 0x000000008b600000| Untracked 
| 115|0x000000008b700000, 0x000000008b700000, 0x000000008b800000|  0%| F|  |TAMS 0x000000008b700000, 0x000000008b700000| Untracked 
| 116|0x000000008b800000, 0x000000008b800000, 0x000000008b900000|  0%| F|  |TAMS 0x000000008b800000, 0x000000008b800000| Untracked 
| 117|0x000000008b900000, 0x000000008b900000, 0x000000008ba00000|  0%| F|  |TAMS 0x000000008b900000, 0x000000008b900000| Untracked 
| 118|0x000000008ba00000, 0x000000008ba00000, 0x000000008bb00000|  0%| F|  |TAMS 0x000000008ba00000, 0x000000008ba00000| Untracked 
| 119|0x000000008bb00000, 0x000000008bb00000, 0x000000008bc00000|  0%| F|  |TAMS 0x000000008bb00000, 0x000000008bb00000| Untracked 
| 120|0x000000008bc00000, 0x000000008bd00000, 0x000000008bd00000|100%| E|  |TAMS 0x000000008bc00000, 0x000000008bc00000| Complete 
| 121|0x000000008bd00000, 0x000000008be00000, 0x000000008be00000|100%| E|CS|TAMS 0x000000008bd00000, 0x000000008bd00000| Complete 
| 122|0x000000008be00000, 0x000000008bf00000, 0x000000008bf00000|100%| E|CS|TAMS 0x000000008be00000, 0x000000008be00000| Complete 
| 123|0x000000008bf00000, 0x000000008c000000, 0x000000008c000000|100%| E|CS|TAMS 0x000000008bf00000, 0x000000008bf00000| Complete 

Card table byte_map: [0x000001faff680000,0x000001faffa60000] _byte_map_base: 0x000001faff25e000

Marking Bits (Prev, Next): (CMBitMap*) 0x000001faecaf54f0, (CMBitMap*) 0x000001faecaf5530
 Prev Bits: [0x000001fa80000000, 0x000001fa81ef0000)
 Next Bits: [0x000001fa81ef0000, 0x000001fa83de0000)

Polling page: 0x000001faea9f0000

Metaspace:

Usage:
  Non-class:     12.31 MB used.
      Class:      1.33 MB used.
       Both:     13.65 MB used.

Virtual space:
  Non-class space:       64.00 MB reserved,      12.38 MB ( 19%) committed,  1 nodes.
      Class space:        1.00 GB reserved,       1.44 MB ( <1%) committed,  1 nodes.
             Both:        1.06 GB reserved,      13.81 MB (  1%) committed. 

Chunk freelists:
   Non-Class:  3.05 MB
       Class:  14.61 MB
        Both:  17.66 MB

MaxMetaspaceSize: unlimited
CompressedClassSpaceSize: 1.00 GB
Initial GC threshold: 21.00 MB
Current GC threshold: 21.00 MB
CDS: off
MetaspaceReclaimPolicy: balanced
 - commit_granule_bytes: 65536.
 - commit_granule_words: 8192.
 - virtual_space_node_default_size: 8388608.
 - enlarge_chunks_in_place: 1.
 - new_chunks_are_fully_committed: 0.
 - uncommit_free_chunks: 1.
 - use_allocation_guard: 0.
 - handle_deallocations: 1.


Internal statistics:

num_allocs_failed_limit: 0.
num_arena_births: 6.
num_arena_deaths: 0.
num_vsnodes_births: 2.
num_vsnodes_deaths: 0.
num_space_committed: 221.
num_space_uncommitted: 0.
num_chunks_returned_to_freelist: 0.
num_chunks_taken_from_freelist: 223.
num_chunk_merges: 0.
num_chunk_splits: 202.
num_chunks_enlarged: 195.
num_inconsistent_stats: 0.

CodeHeap 'non-profiled nmethods': size=120000Kb used=197Kb max_used=197Kb free=119802Kb
 bounds [0x000001faf7a40000, 0x000001faf7cb0000, 0x000001fafef70000]
CodeHeap 'profiled nmethods': size=120000Kb used=1308Kb max_used=1308Kb free=118691Kb
 bounds [0x000001faeff70000, 0x000001faf01e0000, 0x000001faf74a0000]
CodeHeap 'non-nmethods': size=5760Kb used=1156Kb max_used=1170Kb free=4604Kb
 bounds [0x000001faf74a0000, 0x000001faf7710000, 0x000001faf7a40000]
 total_blobs=1171 nmethods=742 adapters=342
 compilation: enabled
              stopped_count=0, restarted_count=0
 full_count=0

Compilation events (20 events):
Event: 0.637 Thread 0x000001fa868f3320 nmethod 720 0x000001faf00a8490 code [0x000001faf00a8620, 0x000001faf00a87d8]
Event: 0.637 Thread 0x000001fa868f3320  721       3       kotlin.reflect.jvm.internal.impl.protobuf.CodedInputStream::readRawVarint32 (233 bytes)
Event: 0.638 Thread 0x000001fa868f3320 nmethod 721 0x000001faf00a8890 code [0x000001faf00a8a80, 0x000001faf00a9168]
Event: 0.639 Thread 0x000001fa868f3320  722       3       kotlin.reflect.jvm.internal.impl.protobuf.CodedInputStream::readRawVarint64SlowPath (48 bytes)
Event: 0.639 Thread 0x000001fa868f3320 nmethod 722 0x000001faf00a9310 code [0x000001faf00a94c0, 0x000001faf00a9758]
Event: 0.639 Thread 0x000001fa868f3320  723       3       kotlin.reflect.jvm.internal.impl.protobuf.SmallSortedMap::checkMutable (16 bytes)
Event: 0.639 Thread 0x000001fa868f3320 nmethod 723 0x000001faf00a9890 code [0x000001faf00a9a40, 0x000001faf00a9c68]
Event: 0.639 Thread 0x000001fa868f3320  724       3       kotlin.reflect.jvm.internal.impl.protobuf.SmallSortedMap::binarySearchInArray (133 bytes)
Event: 0.640 Thread 0x000001fa868f3320 nmethod 724 0x000001faf00a9d90 code [0x000001faf00a9fc0, 0x000001faf00aa9c8]
Event: 0.640 Thread 0x000001fa868f3320  726       3       java.util.Collections$UnmodifiableCollection::<init> (22 bytes)
Event: 0.640 Thread 0x000001fa868f3320 nmethod 726 0x000001faf00aac90 code [0x000001faf00aae40, 0x000001faf00ab108]
Event: 0.640 Thread 0x000001fa868f3320  728       3       kotlin.reflect.jvm.internal.impl.protobuf.FieldSet::getWireFormatForFieldType (11 bytes)
Event: 0.640 Thread 0x000001fa868f3320 nmethod 728 0x000001faf00ab210 code [0x000001faf00ab3a0, 0x000001faf00ab598]
Event: 0.640 Thread 0x000001fa868f3320  727       3       java.util.Collections$UnmodifiableRandomAccessList::<init> (6 bytes)
Event: 0.641 Thread 0x000001fa868f3320 nmethod 727 0x000001faf00ab690 code [0x000001faf00ab860, 0x000001faf00abc48]
Event: 0.641 Thread 0x000001fa868f3320  729       3       kotlin.reflect.jvm.internal.impl.metadata.ProtoBuf$ValueParameter$1::parsePartialFrom (7 bytes)
Event: 0.641 Thread 0x000001fa868f3320 nmethod 729 0x000001faf00abd90 code [0x000001faf00abf20, 0x000001faf00ac068]
Event: 0.641 Thread 0x000001fa868f3320  731       3       java.util.ArrayList::<init> (61 bytes)
Event: 0.642 Thread 0x000001fa868f3320 nmethod 731 0x000001faf00ac110 code [0x000001faf00ac380, 0x000001faf00accf8]
Event: 0.642 Thread 0x000001fa868f3320  736   !   3       kotlin.reflect.jvm.internal.impl.metadata.ProtoBuf$Type::<init> (875 bytes)

GC Heap History (2 events):
Event: 0.593 GC heap before
{Heap before GC invocations=0 (full 0):
 garbage-first heap   total 126976K, used 27648K [0x0000000084400000, 0x0000000100000000)
  region size 1024K, 23 young (23552K), 0 survivors (0K)
 Metaspace       used 13389K, committed 13504K, reserved 1114112K
  class space    used 1293K, committed 1344K, reserved 1048576K
}
Event: 0.597 GC heap after
{Heap after GC invocations=1 (full 0):
 garbage-first heap   total 126976K, used 6899K [0x0000000084400000, 0x0000000100000000)
  region size 1024K, 3 young (3072K), 3 survivors (3072K)
 Metaspace       used 13389K, committed 13504K, reserved 1114112K
  class space    used 1293K, committed 1344K, reserved 1048576K
}

Dll operation events (1 events):
Event: 0.010 Loaded shared library C:\Program Files\Android\Android Studio\jbr\bin\java.dll

Deoptimization events (20 events):
Event: 0.479 Thread 0x000001faeca9a4b0 DEOPT PACKING pc=0x000001faeffe4ac7 sp=0x000000ec49bf78a0
Event: 0.479 Thread 0x000001faeca9a4b0 DEOPT UNPACKING pc=0x000001faf74face3 sp=0x000000ec49bf6d00 mode 0
Event: 0.504 Thread 0x000001faeca9a4b0 DEOPT PACKING pc=0x000001faeff9f056 sp=0x000000ec49bfc900
Event: 0.504 Thread 0x000001faeca9a4b0 DEOPT UNPACKING pc=0x000001faf74face3 sp=0x000000ec49bfbd88 mode 0
Event: 0.515 Thread 0x000001faeca9a4b0 DEOPT PACKING pc=0x000001faeffbc0b8 sp=0x000000ec49bf79c0
Event: 0.515 Thread 0x000001faeca9a4b0 DEOPT UNPACKING pc=0x000001faf74face3 sp=0x000000ec49bf6ed8 mode 0
Event: 0.519 Thread 0x000001faeca9a4b0 DEOPT PACKING pc=0x000001faeffc15e5 sp=0x000000ec49bfc4b0
Event: 0.519 Thread 0x000001faeca9a4b0 DEOPT UNPACKING pc=0x000001faf74face3 sp=0x000000ec49bfb900 mode 0
Event: 0.634 Thread 0x000001faeca9a4b0 Uncommon trap: trap_request=0xffffffc6 fr.pc=0x000001faf7a6fe5c relative=0x00000000000004dc
Event: 0.634 Thread 0x000001faeca9a4b0 Uncommon trap: reason=bimorphic_or_optimized_type_check action=maybe_recompile pc=0x000001faf7a6fe5c method=kotlin.reflect.jvm.internal.impl.protobuf.CodedInputStream.tryRefillBuffer(I)Z @ 175 c2
Event: 0.634 Thread 0x000001faeca9a4b0 DEOPT PACKING pc=0x000001faf7a6fe5c sp=0x000000ec49bfbe70
Event: 0.634 Thread 0x000001faeca9a4b0 DEOPT UNPACKING pc=0x000001faf74fa1a3 sp=0x000000ec49bfbd58 mode 2
Event: 0.637 Thread 0x000001faeca9a4b0 Uncommon trap: trap_request=0xffffff45 fr.pc=0x000001faf7a6b8c8 relative=0x00000000000001a8
Event: 0.637 Thread 0x000001faeca9a4b0 Uncommon trap: reason=unstable_if action=reinterpret pc=0x000001faf7a6b8c8 method=kotlin.reflect.jvm.internal.impl.protobuf.CodedInputStream.readRawVarint32()I @ 10 c2
Event: 0.637 Thread 0x000001faeca9a4b0 DEOPT PACKING pc=0x000001faf7a6b8c8 sp=0x000000ec49bfbb90
Event: 0.637 Thread 0x000001faeca9a4b0 DEOPT UNPACKING pc=0x000001faf74fa1a3 sp=0x000000ec49bfbb10 mode 2
Event: 0.643 Thread 0x000001faeca9a4b0 Uncommon trap: trap_request=0xffffffc6 fr.pc=0x000001faf7a6fe5c relative=0x00000000000004dc
Event: 0.643 Thread 0x000001faeca9a4b0 Uncommon trap: reason=bimorphic_or_optimized_type_check action=maybe_recompile pc=0x000001faf7a6fe5c method=kotlin.reflect.jvm.internal.impl.protobuf.CodedInputStream.tryRefillBuffer(I)Z @ 175 c2
Event: 0.643 Thread 0x000001faeca9a4b0 DEOPT PACKING pc=0x000001faf7a6fe5c sp=0x000000ec49bfb8d0
Event: 0.643 Thread 0x000001faeca9a4b0 DEOPT UNPACKING pc=0x000001faf74fa1a3 sp=0x000000ec49bfb7b8 mode 2

Classes unloaded (0 events):
No events

Classes redefined (0 events):
No events

Internal exceptions (0 events):
No events

VM Operations (6 events):
Event: 0.172 Executing VM operation: HandshakeAllThreads
Event: 0.172 Executing VM operation: HandshakeAllThreads done
Event: 0.431 Executing VM operation: HandshakeAllThreads
Event: 0.431 Executing VM operation: HandshakeAllThreads done
Event: 0.592 Executing VM operation: G1CollectForAllocation
Event: 0.597 Executing VM operation: G1CollectForAllocation done

Events (20 events):
Event: 0.600 loading class jdk/internal/reflect/UnsafeQualifiedStaticFieldAccessorImpl done
Event: 0.600 loading class jdk/internal/reflect/UnsafeQualifiedStaticObjectFieldAccessorImpl done
Event: 0.621 loading class sun/reflect/generics/repository/ClassRepository
Event: 0.621 loading class sun/reflect/generics/repository/GenericDeclRepository
Event: 0.621 loading class sun/reflect/generics/repository/AbstractRepository
Event: 0.621 loading class sun/reflect/generics/repository/AbstractRepository done
Event: 0.621 loading class sun/reflect/generics/repository/GenericDeclRepository done
Event: 0.621 loading class sun/reflect/generics/repository/ClassRepository done
Event: 0.621 loading class sun/reflect/generics/tree/FormalTypeParameter
Event: 0.621 loading class sun/reflect/generics/tree/FormalTypeParameter done
Event: 0.621 loading class sun/reflect/generics/tree/ClassSignature
Event: 0.621 loading class sun/reflect/generics/tree/Signature
Event: 0.621 loading class sun/reflect/generics/tree/Signature done
Event: 0.622 loading class sun/reflect/generics/tree/ClassSignature done
Event: 0.622 loading class java/lang/reflect/TypeVariable
Event: 0.622 loading class java/lang/reflect/TypeVariable done
Event: 0.622 loading class java/lang/reflect/AnnotatedType
Event: 0.622 loading class java/lang/reflect/AnnotatedType done
Event: 0.630 loading class java/io/DataInputStream
Event: 0.631 loading class java/io/DataInputStream done


Dynamic libraries:
0x00007ff7f3ce0000 - 0x00007ff7f3cea000 	C:\Program Files\Android\Android Studio\jbr\bin\java.exe
0x00007ff84caf0000 - 0x00007ff84cd07000 	C:\WINDOWS\SYSTEM32\ntdll.dll
0x00007ff84a840000 - 0x00007ff84a904000 	C:\WINDOWS\System32\KERNEL32.DLL
0x00007ff849ff0000 - 0x00007ff84a3ab000 	C:\WINDOWS\System32\KERNELBASE.dll
0x00007ff84a6b0000 - 0x00007ff84a7c1000 	C:\WINDOWS\System32\ucrtbase.dll
0x00007ffff8ca0000 - 0x00007ffff8cb7000 	C:\Program Files\Android\Android Studio\jbr\bin\jli.dll
0x00007ff83fa70000 - 0x00007ff83fa8b000 	C:\Program Files\Android\Android Studio\jbr\bin\VCRUNTIME140.dll
0x00007ff84c4e0000 - 0x00007ff84c68f000 	C:\WINDOWS\System32\USER32.dll
0x00007ff84a510000 - 0x00007ff84a536000 	C:\WINDOWS\System32\win32u.dll
0x00007ff84b490000 - 0x00007ff84b4b9000 	C:\WINDOWS\System32\GDI32.dll
0x00007ff849ed0000 - 0x00007ff849feb000 	C:\WINDOWS\System32\gdi32full.dll
0x00007ff84a3b0000 - 0x00007ff84a44a000 	C:\WINDOWS\System32\msvcp_win.dll
0x00007ff81daa0000 - 0x00007ff81dd32000 	C:\WINDOWS\WinSxS\amd64_microsoft.windows.common-controls_6595b64144ccf1df_6.0.22621.4435_none_270f767f73860d61\COMCTL32.dll
0x00007ff84c430000 - 0x00007ff84c4d7000 	C:\WINDOWS\System32\msvcrt.dll
0x00007ff84a800000 - 0x00007ff84a831000 	C:\WINDOWS\System32\IMM32.DLL
0x00007ff83fa60000 - 0x00007ff83fa6c000 	C:\Program Files\Android\Android Studio\jbr\bin\vcruntime140_1.dll
0x00007ff83f9d0000 - 0x00007ff83fa5d000 	C:\Program Files\Android\Android Studio\jbr\bin\msvcp140.dll
0x00007fffa2d00000 - 0x00007fffa3983000 	C:\Program Files\Android\Android Studio\jbr\bin\server\jvm.dll
0x00007ff84c9e0000 - 0x00007ff84ca92000 	C:\WINDOWS\System32\ADVAPI32.dll
0x00007ff84b3d0000 - 0x00007ff84b477000 	C:\WINDOWS\System32\sechost.dll
0x00007ff84a7d0000 - 0x00007ff84a7f8000 	C:\WINDOWS\System32\bcrypt.dll
0x00007ff84a910000 - 0x00007ff84aa24000 	C:\WINDOWS\System32\RPCRT4.dll
0x00007ff849280000 - 0x00007ff8492cd000 	C:\WINDOWS\SYSTEM32\POWRPROF.dll
0x00007ff817910000 - 0x00007ff817919000 	C:\WINDOWS\SYSTEM32\WSOCK32.dll
0x00007ff841bc0000 - 0x00007ff841bf4000 	C:\WINDOWS\SYSTEM32\WINMM.dll
0x00007ff84c7f0000 - 0x00007ff84c861000 	C:\WINDOWS\System32\WS2_32.dll
0x00007ff83f7f0000 - 0x00007ff83f7fa000 	C:\WINDOWS\SYSTEM32\VERSION.dll
0x00007ff849180000 - 0x00007ff849193000 	C:\WINDOWS\SYSTEM32\UMPDC.dll
0x00007ff848e20000 - 0x00007ff848e38000 	C:\WINDOWS\SYSTEM32\kernel.appcore.dll
0x00007ff836010000 - 0x00007ff83601a000 	C:\Program Files\Android\Android Studio\jbr\bin\jimage.dll
0x00007ff847720000 - 0x00007ff847952000 	C:\WINDOWS\SYSTEM32\DBGHELP.DLL
0x00007ff84b510000 - 0x00007ff84b89f000 	C:\WINDOWS\System32\combase.dll
0x00007ff84b2f0000 - 0x00007ff84b3c7000 	C:\WINDOWS\System32\OLEAUT32.dll
0x00007ff810ca0000 - 0x00007ff810cd2000 	C:\WINDOWS\SYSTEM32\dbgcore.DLL
0x00007ff849e50000 - 0x00007ff849ecb000 	C:\WINDOWS\System32\bcryptPrimitives.dll
0x00007ff80e3c0000 - 0x00007ff80e3e5000 	C:\Program Files\Android\Android Studio\jbr\bin\java.dll
0x00007ff835ff0000 - 0x00007ff836008000 	C:\Program Files\Android\Android Studio\jbr\bin\zip.dll
0x00007ff84aa70000 - 0x00007ff84b2ed000 	C:\WINDOWS\System32\SHELL32.dll
0x00007ff847d10000 - 0x00007ff84861c000 	C:\WINDOWS\SYSTEM32\windows.storage.dll
0x00007ff847bd0000 - 0x00007ff847d0f000 	C:\WINDOWS\SYSTEM32\wintypes.dll
0x00007ff84c020000 - 0x00007ff84c11a000 	C:\WINDOWS\System32\SHCORE.dll
0x00007ff84c690000 - 0x00007ff84c6ee000 	C:\WINDOWS\System32\shlwapi.dll
0x00007ff849d00000 - 0x00007ff849d2b000 	C:\WINDOWS\SYSTEM32\profapi.dll
0x00007ff806f60000 - 0x00007ff806f79000 	C:\Program Files\Android\Android Studio\jbr\bin\net.dll
0x00007ff843310000 - 0x00007ff843446000 	C:\WINDOWS\SYSTEM32\WINHTTP.dll
0x00007ff849380000 - 0x00007ff8493e9000 	C:\WINDOWS\system32\mswsock.dll
0x00007ff805540000 - 0x00007ff805556000 	C:\Program Files\Android\Android Studio\jbr\bin\nio.dll

dbghelp: loaded successfully - version: 4.0.5 - missing functions: none
symbol engine: initialized successfully - sym options: 0x614 - pdb path: .;C:\Program Files\Android\Android Studio\jbr\bin;C:\WINDOWS\SYSTEM32;C:\WINDOWS\WinSxS\amd64_microsoft.windows.common-controls_6595b64144ccf1df_6.0.22621.4435_none_270f767f73860d61;C:\Program Files\Android\Android Studio\jbr\bin\server

VM Arguments:
java_command: org.jetbrains.kotlin.cli.jvm.K2JVMCompiler @C:\Users\eveli\AndroidStudioProjects\LayoutApp\app\build\20241115_1449487327697069825.compiler.options
java_class_path (initial): C:\Users\eveli\.gradle\caches\modules-2\files-2.1\org.jetbrains.kotlin\kotlin-compiler-embeddable\1.9.0\2c8c3a7402becca891f12739b3e9fd2dc2adbd7a\kotlin-compiler-embeddable-1.9.0.jar;C:\Users\eveli\.gradle\caches\modules-2\files-2.1\org.jetbrains.kotlin\kotlin-stdlib\1.9.0\8ee15ef0c67dc83d874f412d84378d7f0eb50b63\kotlin-stdlib-1.9.0.jar;C:\Users\eveli\.gradle\caches\modules-2\files-2.1\org.jetbrains.kotlin\kotlin-script-runtime\1.9.0\4b3102cbbb7e1b58d9d1adf89563f00069ffa7d1\kotlin-script-runtime-1.9.0.jar;C:\Users\eveli\.gradle\caches\modules-2\files-2.1\org.jetbrains.kotlin\kotlin-reflect\1.6.10\1cbe9c92c12a94eea200d23c2bbaedaf3daf5132\kotlin-reflect-1.6.10.jar;C:\Users\eveli\.gradle\caches\modules-2\files-2.1\org.jetbrains.kotlin\kotlin-daemon-embeddable\1.9.0\186543f5e28cf8d9a0290fecc2cf34301c40a65c\kotlin-daemon-embeddable-1.9.0.jar;C:\Users\eveli\.gradle\caches\modules-2\files-2.1\org.jetbrains.intellij.deps\trove4j\1.0.20200330\3afb14d5f9ceb459d724e907a21145e8ff394f02\trove4j-1.0.20200330.jar;C:\Users\eveli\.gradle\caches\modules-2\files-2.1\org.jetbrains.kotlin\kotlin-stdlib-common\1.9.0\cd65c21cfd1eec4d44ef09f9f52b6d9f8a720636\kotlin-stdlib-common-1.9.0.jar;C:\Users\eveli\.gradle\caches\modules-2\files-2.1\org.jetbrains\annotations\13.0\919f0dfe192fb4e063e7dacadee7f8bb9a2672a9\annotations-13.0.jar
Launcher Type: SUN_STANDARD

[Global flags]
     intx CICompilerCount                          = 4                                         {product} {ergonomic}
     uint ConcGCThreads                            = 2                                         {product} {ergonomic}
     uint G1ConcRefinementThreads                  = 8                                         {product} {ergonomic}
   size_t G1HeapRegionSize                         = 1048576                                   {product} {ergonomic}
    uintx GCDrainStackTargetSize                   = 64                                        {product} {ergonomic}
   size_t InitialHeapSize                          = 130023424                                 {product} {ergonomic}
   size_t MarkStackSize                            = 4194304                                   {product} {ergonomic}
   size_t MaxHeapSize                              = 2076180480                                {product} {ergonomic}
   size_t MaxNewSize                               = 1245708288                                {product} {ergonomic}
   size_t MinHeapDeltaBytes                        = 1048576                                   {product} {ergonomic}
   size_t MinHeapSize                              = 8388608                                   {product} {ergonomic}
    uintx NonNMethodCodeHeapSize                   = 5839372                                {pd product} {ergonomic}
    uintx NonProfiledCodeHeapSize                  = 122909434                              {pd product} {ergonomic}
    uintx ProfiledCodeHeapSize                     = 122909434                              {pd product} {ergonomic}
    uintx ReservedCodeCacheSize                    = 251658240                              {pd product} {ergonomic}
     bool SegmentedCodeCache                       = true                                      {product} {ergonomic}
   size_t SoftMaxHeapSize                          = 2076180480                             {manageable} {ergonomic}
     bool UseCompressedClassPointers               = true                           {product lp64_product} {ergonomic}
     bool UseCompressedOops                        = true                           {product lp64_product} {ergonomic}
     bool UseG1GC                                  = true                                      {product} {ergonomic}
     bool UseLargePagesIndividualAllocation        = false                                  {pd product} {ergonomic}

Logging:
Log output configuration:
 #0: stdout all=warning uptime,level,tags
 #1: stderr all=off uptime,level,tags

Environment Variables:
JAVA_HOME=C:\Program Files\Android\Android Studio\jbr
PATH=C:\Program Files (x86)\Common Files\Oracle\Java\javapath;C:\WINDOWS\system32;C:\WINDOWS;C:\WINDOWS\System32\Wbem;C:\WINDOWS\System32\WindowsPowerShell\v1.0\;C:\WINDOWS\System32\OpenSSH\;C:\Program Files\dotnet\;C:\Program Files\nodejs\;C:\Program Files\Git\cmd;C:\Program Files\Graphviz\bin;C:\Program Files\Graphviz\bin;C:\Users\eveli\AppData\Local\Programs\Python\Python312\Scripts\;C:\Users\eveli\AppData\Local\Programs\Python\Python312\;C:\Users\eveli\AppData\Local\Programs\Python\Python311\Scripts\;C:\Users\eveli\AppData\Local\Programs\Python\Python311\;C:\ghcup\bin;C:\Users\eveli\AppData\Local\Microsoft\WindowsApps;C:\Users\eveli\AppData\Local\Programs\Microsoft VS Code\bin;C:\SFML-2.5.1\bin;C:\Program Files\PostgreSQL\14\bin;C:\Users\eveli\AppData\Roaming\npm;C:\Users\eveli\.dotnet\tools;C:\src\flutter\bin;C:\msys64\mingw32\include;C:\msys64\mingw32\bin;C:\Program Files\Tesseract-OCR;
USERNAME=eveli
OS=Windows_NT
PROCESSOR_IDENTIFIER=Intel64 Family 6 Model 140 Stepping 1, GenuineIntel
TMP=C:\Users\eveli\AppData\Local\Temp
TEMP=C:\Users\eveli\AppData\Local\Temp



Periodic native trim disabled

JNI global refs:
JNI global refs: 9, weak refs: 15

JNI global refs memory usage: 843, weak refs: 841

Process memory usage:
Resident Set Size: 85168K (1% of 8105320K total physical memory with 624724K free physical memory)

OOME stack traces (most recent first):
Classloader memory used:
