#
# There is insufficient memory for the Java Runtime Environment to continue.
# Native memory allocation (malloc) failed to allocate 757136 bytes. Error detail: Chunk::new
# Possible reasons:
#   The system is out of physical RAM or swap space
#   This process is running with CompressedOops enabled, and the Java Heap may be blocking the growth of the native heap
# Possible solutions:
#   Reduce memory load on the system
#   Increase physical memory or swap space
#   Check if swap backing store is full
#   Decrease Java heap size (-Xmx/-Xms)
#   Decrease number of Java threads
#   Decrease Java thread stack sizes (-Xss)
#   Set larger code cache with -XX:ReservedCodeCacheSize=
#   JVM is running with Unscaled Compressed Oops mode in which the Java heap is
#     placed in the first 4GB address space. The Java Heap base address is the
#     maximum limit for the native heap growth. Please use -XX:HeapBaseMinAddress
#     to set the Java Heap base and to place the Java Heap above 4GB virtual address.
# This output file may be truncated or incomplete.
#
#  Out of Memory Error (arena.cpp:191), pid=15116, tid=17536
#
# JRE version: OpenJDK Runtime Environment (17.0.11) (build 17.0.11+0--11852314)
# Java VM: OpenJDK 64-Bit Server VM (17.0.11+0--11852314, mixed mode, tiered, compressed oops, compressed class ptrs, g1 gc, windows-amd64)
# No core dump will be written. Minidumps are not enabled by default on client versions of Windows
#

---------------  S U M M A R Y ------------

Command Line: --add-opens=java.base/java.util=ALL-UNNAMED --add-opens=java.base/java.lang=ALL-UNNAMED --add-opens=java.base/java.lang.invoke=ALL-UNNAMED --add-opens=java.prefs/java.util.prefs=ALL-UNNAMED --add-opens=java.base/java.nio.charset=ALL-UNNAMED --add-opens=java.base/java.net=ALL-UNNAMED --add-opens=java.base/java.util.concurrent.atomic=ALL-UNNAMED -Xmx2048m -Dfile.encoding=UTF-8 -Duser.country=BR -Duser.language=pt -Duser.variant -javaagent:C:\Users\eveli\.gradle\wrapper\dists\gradle-8.7-bin\bhs2wmbdwecv87pi65oeuq5iu\gradle-8.7\lib\agents\gradle-instrumentation-agent-8.7.jar org.gradle.launcher.daemon.bootstrap.GradleDaemon 8.7

Host: 11th Gen Intel(R) Core(TM) i5-1135G7 @ 2.40GHz, 8 cores, 7G,  Windows 11 , 64 bit Build 22621 (10.0.22621.4435)
Time: Fri Nov 15 14:04:09 2024 Hora Padrão de Buenos Aires elapsed time: 9.734590 seconds (0d 0h 0m 9s)

---------------  T H R E A D  ---------------

Current thread (0x000001f119869130):  JavaThread "C2 CompilerThread0" daemon [_thread_in_native, id=17536, stack(0x000000ade3400000,0x000000ade3500000)]


Current CompileTask:
C2:   9734 7275       4       java.util.regex.Pattern::compile (500 bytes)

Stack: [0x000000ade3400000,0x000000ade3500000]
Native frames: (J=compiled Java code, j=interpreted, Vv=VM code, C=native code)
V  [jvm.dll+0x687bb9]
V  [jvm.dll+0x84142a]
V  [jvm.dll+0x8430ae]
V  [jvm.dll+0x843713]
V  [jvm.dll+0x24a35f]
V  [jvm.dll+0xac544]
V  [jvm.dll+0xacb8c]
V  [jvm.dll+0x2b194f]
V  [jvm.dll+0x58eba7]
V  [jvm.dll+0x2247e2]
V  [jvm.dll+0x224bdf]
V  [jvm.dll+0x21dd00]
V  [jvm.dll+0x21b201]
V  [jvm.dll+0x1a63ed]
V  [jvm.dll+0x22b1ee]
V  [jvm.dll+0x229375]
V  [jvm.dll+0x7f5647]
V  [jvm.dll+0x7efa4a]
V  [jvm.dll+0x686a35]
C  [ucrtbase.dll+0x29333]
C  [KERNEL32.DLL+0x1259d]
C  [ntdll.dll+0x5af38]


---------------  P R O C E S S  ---------------

Threads class SMR info:
_java_thread_list=0x000001f11fd7f930, length=64, elements={
0x000001f17f7f2640, 0x000001f119805820, 0x000001f11980aa00, 0x000001f1198338a0,
0x000001f119842570, 0x000001f119845650, 0x000001f119868030, 0x000001f119869130,
0x000001f11986a6f0, 0x000001f11986b710, 0x000001f119a12050, 0x000001f119b3d100,
0x000001f11e9ecb30, 0x000001f11f7c7880, 0x000001f11f21b210, 0x000001f11faaf010,
0x000001f11f8c55b0, 0x000001f11e76e8c0, 0x000001f11e76e3b0, 0x000001f11e76edd0,
0x000001f11e770210, 0x000001f11e76ca60, 0x000001f11e76cf70, 0x000001f11e76d480,
0x000001f11e76fd00, 0x000001f1210dca50, 0x000001f1210d6510, 0x000001f1210d6f30,
0x000001f1210d55e0, 0x000001f1210dcf60, 0x000001f1210d5af0, 0x000001f1210d7440,
0x000001f1210dc030, 0x000001f1210d7950, 0x000001f1210dbb20, 0x000001f1210d7e60,
0x000001f1210d8880, 0x000001f1210d6000, 0x000001f1210dabf0, 0x000001f1210db100,
0x000001f1213a24a0, 0x000001f1213a5c50, 0x000001f1213a75a0, 0x000001f1213a38e0,
0x000001f1213a1f90, 0x000001f1213a1060, 0x000001f1213a4300, 0x000001f1213a84d0,
0x000001f1213a29b0, 0x000001f1213a6670, 0x000001f1213a2ec0, 0x000001f1213a7ab0,
0x000001f1213a6b80, 0x000001f1213a1a80, 0x000001f1213a4d20, 0x000001f1213a7090,
0x000001f1213a7fc0, 0x000001f1213a33d0, 0x000001f1213a89e0, 0x000001f1213a3df0,
0x000001f1213a4810, 0x000001f1213a5230, 0x000001f1213a5740, 0x000001f1213a6160
}

Java Threads: ( => current thread )
  0x000001f17f7f2640 JavaThread "main" [_thread_blocked, id=8136, stack(0x000000ade2700000,0x000000ade2800000)]
  0x000001f119805820 JavaThread "Reference Handler" daemon [_thread_blocked, id=13796, stack(0x000000ade2e00000,0x000000ade2f00000)]
  0x000001f11980aa00 JavaThread "Finalizer" daemon [_thread_blocked, id=18428, stack(0x000000ade2f00000,0x000000ade3000000)]
  0x000001f1198338a0 JavaThread "Signal Dispatcher" daemon [_thread_blocked, id=9596, stack(0x000000ade3000000,0x000000ade3100000)]
  0x000001f119842570 JavaThread "Attach Listener" daemon [_thread_blocked, id=16084, stack(0x000000ade3100000,0x000000ade3200000)]
  0x000001f119845650 JavaThread "Service Thread" daemon [_thread_blocked, id=12848, stack(0x000000ade3200000,0x000000ade3300000)]
  0x000001f119868030 JavaThread "Monitor Deflation Thread" daemon [_thread_blocked, id=4600, stack(0x000000ade3300000,0x000000ade3400000)]
=>0x000001f119869130 JavaThread "C2 CompilerThread0" daemon [_thread_in_native, id=17536, stack(0x000000ade3400000,0x000000ade3500000)]
  0x000001f11986a6f0 JavaThread "C1 CompilerThread0" daemon [_thread_blocked, id=16264, stack(0x000000ade3500000,0x000000ade3600000)]
  0x000001f11986b710 JavaThread "Sweeper thread" daemon [_thread_blocked, id=12160, stack(0x000000ade3600000,0x000000ade3700000)]
  0x000001f119a12050 JavaThread "Common-Cleaner" daemon [_thread_blocked, id=14928, stack(0x000000ade3700000,0x000000ade3800000)]
  0x000001f119b3d100 JavaThread "Notification Thread" daemon [_thread_blocked, id=18108, stack(0x000000ade3800000,0x000000ade3900000)]
  0x000001f11e9ecb30 JavaThread "Daemon health stats" [_thread_blocked, id=2100, stack(0x000000ade3e00000,0x000000ade3f00000)]
  0x000001f11f7c7880 JavaThread "Incoming local TCP Connector on port 53302" [_thread_in_native, id=7176, stack(0x000000ade3f00000,0x000000ade4000000)]
  0x000001f11f21b210 JavaThread "Daemon periodic checks" [_thread_blocked, id=15700, stack(0x000000ade4000000,0x000000ade4100000)]
  0x000001f11faaf010 JavaThread "Daemon" [_thread_blocked, id=13080, stack(0x000000ade4100000,0x000000ade4200000)]
  0x000001f11f8c55b0 JavaThread "Handler for socket connection from /127.0.0.1:53302 to /127.0.0.1:53303" [_thread_in_native, id=2740, stack(0x000000ade4200000,0x000000ade4300000)]
  0x000001f11e76e8c0 JavaThread "Cancel handler" [_thread_blocked, id=10524, stack(0x000000ade4300000,0x000000ade4400000)]
  0x000001f11e76e3b0 JavaThread "Daemon worker" [_thread_in_native, id=5688, stack(0x000000ade4400000,0x000000ade4500000)]
  0x000001f11e76edd0 JavaThread "Asynchronous log dispatcher for DefaultDaemonConnection: socket connection from /127.0.0.1:53302 to /127.0.0.1:53303" [_thread_blocked, id=12768, stack(0x000000ade4500000,0x000000ade4600000)]
  0x000001f11e770210 JavaThread "Stdin handler" [_thread_blocked, id=8892, stack(0x000000ade4600000,0x000000ade4700000)]
  0x000001f11e76ca60 JavaThread "Daemon client event forwarder" [_thread_blocked, id=17068, stack(0x000000ade4700000,0x000000ade4800000)]
  0x000001f11e76cf70 JavaThread "Cache worker for journal cache (C:\Users\eveli\.gradle\caches\journal-1)" [_thread_blocked, id=1504, stack(0x000000ade4c00000,0x000000ade4d00000)]
  0x000001f11e76d480 JavaThread "File lock request listener" [_thread_in_native, id=452, stack(0x000000ade4d00000,0x000000ade4e00000)]
  0x000001f11e76fd00 JavaThread "Cache worker for file hash cache (C:\Users\eveli\.gradle\caches\8.7\fileHashes)" [_thread_blocked, id=10076, stack(0x000000ade4e00000,0x000000ade4f00000)]
  0x000001f1210dca50 JavaThread "Cache worker for file hash cache (C:\Users\eveli\AndroidStudioProjects\LayoutApp\.gradle\8.7\fileHashes)" [_thread_blocked, id=1284, stack(0x000000ade4f00000,0x000000ade5000000)]
  0x000001f1210d6510 JavaThread "File watcher server" daemon [_thread_in_native, id=5816, stack(0x000000ade5000000,0x000000ade5100000)]
  0x000001f1210d6f30 JavaThread "File watcher consumer" daemon [_thread_blocked, id=9308, stack(0x000000ade5100000,0x000000ade5200000)]
  0x000001f1210d55e0 JavaThread "jar transforms" [_thread_blocked, id=17332, stack(0x000000ade5200000,0x000000ade5300000)]
  0x000001f1210dcf60 JavaThread "jar transforms Thread 2" [_thread_blocked, id=2128, stack(0x000000ade5300000,0x000000ade5400000)]
  0x000001f1210d5af0 JavaThread "jar transforms Thread 3" [_thread_blocked, id=2768, stack(0x000000ade5400000,0x000000ade5500000)]
  0x000001f1210d7440 JavaThread "jar transforms Thread 4" [_thread_blocked, id=17148, stack(0x000000ade5500000,0x000000ade5600000)]
  0x000001f1210dc030 JavaThread "jar transforms Thread 5" [_thread_blocked, id=1724, stack(0x000000ade5600000,0x000000ade5700000)]
  0x000001f1210d7950 JavaThread "jar transforms Thread 6" [_thread_blocked, id=13652, stack(0x000000ade5700000,0x000000ade5800000)]
  0x000001f1210dbb20 JavaThread "jar transforms Thread 7" [_thread_blocked, id=3664, stack(0x000000ade5800000,0x000000ade5900000)]
  0x000001f1210d7e60 JavaThread "jar transforms Thread 8" [_thread_blocked, id=9236, stack(0x000000ade5900000,0x000000ade5a00000)]
  0x000001f1210d8880 JavaThread "Cache worker for checksums cache (C:\Users\eveli\AndroidStudioProjects\LayoutApp\.gradle\8.7\checksums)" [_thread_blocked, id=5748, stack(0x000000ade5a00000,0x000000ade5b00000)]
  0x000001f1210d6000 JavaThread "Cache worker for cache directory md-supplier (C:\Users\eveli\.gradle\caches\8.7\md-supplier)" [_thread_blocked, id=5788, stack(0x000000ade5b00000,0x000000ade5c00000)]
  0x000001f1210dabf0 JavaThread "Cache worker for cache directory md-rule (C:\Users\eveli\.gradle\caches\8.7\md-rule)" [_thread_blocked, id=18248, stack(0x000000ade5c00000,0x000000ade5d00000)]
  0x000001f1210db100 JavaThread "Cache worker for file content cache (C:\Users\eveli\.gradle\caches\8.7\fileContent)" [_thread_blocked, id=18200, stack(0x000000ade5d00000,0x000000ade5e00000)]
  0x000001f1213a24a0 JavaThread "Unconstrained build operations" [_thread_blocked, id=15524, stack(0x000000ade5e00000,0x000000ade5f00000)]
  0x000001f1213a5c50 JavaThread "Unconstrained build operations Thread 2" [_thread_blocked, id=13820, stack(0x000000ade5f00000,0x000000ade6000000)]
  0x000001f1213a75a0 JavaThread "Unconstrained build operations Thread 3" [_thread_blocked, id=16056, stack(0x000000ade6000000,0x000000ade6100000)]
  0x000001f1213a38e0 JavaThread "Unconstrained build operations Thread 4" [_thread_blocked, id=17404, stack(0x000000ade6100000,0x000000ade6200000)]
  0x000001f1213a1f90 JavaThread "Unconstrained build operations Thread 5" [_thread_blocked, id=16784, stack(0x000000ade6200000,0x000000ade6300000)]
  0x000001f1213a1060 JavaThread "Unconstrained build operations Thread 6" [_thread_blocked, id=16416, stack(0x000000ade6300000,0x000000ade6400000)]
  0x000001f1213a4300 JavaThread "Unconstrained build operations Thread 7" [_thread_blocked, id=6780, stack(0x000000ade6400000,0x000000ade6500000)]
  0x000001f1213a84d0 JavaThread "Unconstrained build operations Thread 8" [_thread_blocked, id=13084, stack(0x000000ade6500000,0x000000ade6600000)]
  0x000001f1213a29b0 JavaThread "Unconstrained build operations Thread 9" [_thread_blocked, id=10140, stack(0x000000ade6600000,0x000000ade6700000)]
  0x000001f1213a6670 JavaThread "Cache worker for Build Output Cleanup Cache (C:\Users\eveli\AndroidStudioProjects\LayoutApp\.gradle\buildOutputCleanup)" [_thread_blocked, id=908, stack(0x000000ade6700000,0x000000ade6800000)]
  0x000001f1213a2ec0 JavaThread "Unconstrained build operations Thread 10" [_thread_blocked, id=18012, stack(0x000000ade6800000,0x000000ade6900000)]
  0x000001f1213a7ab0 JavaThread "Unconstrained build operations Thread 11" [_thread_blocked, id=14936, stack(0x000000ade6900000,0x000000ade6a00000)]
  0x000001f1213a6b80 JavaThread "Unconstrained build operations Thread 12" [_thread_blocked, id=14836, stack(0x000000ade6a00000,0x000000ade6b00000)]
  0x000001f1213a1a80 JavaThread "Unconstrained build operations Thread 13" [_thread_blocked, id=6488, stack(0x000000ade6b00000,0x000000ade6c00000)]
  0x000001f1213a4d20 JavaThread "Unconstrained build operations Thread 14" [_thread_blocked, id=11936, stack(0x000000ade6c00000,0x000000ade6d00000)]
  0x000001f1213a7090 JavaThread "Unconstrained build operations Thread 15" [_thread_blocked, id=18080, stack(0x000000ade6d00000,0x000000ade6e00000)]
  0x000001f1213a7fc0 JavaThread "Unconstrained build operations Thread 16" [_thread_blocked, id=17064, stack(0x000000ade6e00000,0x000000ade6f00000)]
  0x000001f1213a33d0 JavaThread "Unconstrained build operations Thread 17" [_thread_blocked, id=15088, stack(0x000000ade6f00000,0x000000ade7000000)]
  0x000001f1213a89e0 JavaThread "Unconstrained build operations Thread 18" [_thread_blocked, id=9540, stack(0x000000ade7000000,0x000000ade7100000)]
  0x000001f1213a3df0 JavaThread "Unconstrained build operations Thread 19" [_thread_blocked, id=18288, stack(0x000000ade7100000,0x000000ade7200000)]
  0x000001f1213a4810 JavaThread "Unconstrained build operations Thread 20" [_thread_blocked, id=13612, stack(0x000000ade7200000,0x000000ade7300000)]
  0x000001f1213a5230 JavaThread "Unconstrained build operations Thread 21" [_thread_blocked, id=10492, stack(0x000000ade7300000,0x000000ade7400000)]
  0x000001f1213a5740 JavaThread "Unconstrained build operations Thread 22" [_thread_blocked, id=17600, stack(0x000000ade7400000,0x000000ade7500000)]
  0x000001f1213a6160 JavaThread "Unconstrained build operations Thread 23" [_thread_blocked, id=12988, stack(0x000000ade7500000,0x000000ade7600000)]

Other Threads:
  0x000001f119238690 VMThread "VM Thread" [stack: 0x000000ade2d00000,0x000000ade2e00000] [id=14068]
  0x000001f17f7f34c0 WatcherThread [stack: 0x000000ade3900000,0x000000ade3a00000] [id=7216]
  0x000001f17d70e7b0 GCTaskThread "GC Thread#0" [stack: 0x000000ade2800000,0x000000ade2900000] [id=11120]
  0x000001f11e7c8830 GCTaskThread "GC Thread#1" [stack: 0x000000ade3a00000,0x000000ade3b00000] [id=3840]
  0x000001f11e651420 GCTaskThread "GC Thread#2" [stack: 0x000000ade3b00000,0x000000ade3c00000] [id=4956]
  0x000001f11e651af0 GCTaskThread "GC Thread#3" [stack: 0x000000ade3c00000,0x000000ade3d00000] [id=16684]
  0x000001f11ee07d50 GCTaskThread "GC Thread#4" [stack: 0x000000ade3d00000,0x000000ade3e00000] [id=636]
  0x000001f11e3e9520 GCTaskThread "GC Thread#5" [stack: 0x000000ade4800000,0x000000ade4900000] [id=11876]
  0x000001f11ee4d430 GCTaskThread "GC Thread#6" [stack: 0x000000ade4900000,0x000000ade4a00000] [id=14960]
  0x000001f11f874f40 GCTaskThread "GC Thread#7" [stack: 0x000000ade4a00000,0x000000ade4b00000] [id=5200]
  0x000001f17f85b390 ConcurrentGCThread "G1 Main Marker" [stack: 0x000000ade2900000,0x000000ade2a00000] [id=13880]
  0x000001f17f85bbc0 ConcurrentGCThread "G1 Conc#0" [stack: 0x000000ade2a00000,0x000000ade2b00000] [id=13208]
  0x000001f11f90e200 ConcurrentGCThread "G1 Conc#1" [stack: 0x000000ade4b00000,0x000000ade4c00000] [id=15112]
  0x000001f17f89d340 ConcurrentGCThread "G1 Refine#0" [stack: 0x000000ade2b00000,0x000000ade2c00000] [id=13872]
  0x000001f121a29030 ConcurrentGCThread "G1 Refine#1" [stack: 0x000000ade7600000,0x000000ade7700000] [id=15000]
  0x000001f17f89dd70 ConcurrentGCThread "G1 Service" [stack: 0x000000ade2c00000,0x000000ade2d00000] [id=3776]

Threads with active compile tasks:
C2 CompilerThread0     9778 7275       4       java.util.regex.Pattern::compile (500 bytes)

VM state: not at safepoint (normal execution)

VM Mutex/Monitor currently owned by a thread: None

Heap address: 0x0000000080000000, size: 2048 MB, Compressed Oops mode: 32-bit

CDS archive(s) not mapped
Compressed class space mapped at: 0x0000000100000000-0x0000000140000000, reserved size: 1073741824
Narrow klass base: 0x0000000000000000, Narrow klass shift: 3, Narrow klass range: 0x140000000

GC Precious Log:
 CPUs: 8 total, 8 available
 Memory: 7915M
 Large Page Support: Disabled
 NUMA Support: Disabled
 Compressed Oops: Enabled (32-bit)
 Heap Region Size: 1M
 Heap Min Capacity: 8M
 Heap Initial Capacity: 124M
 Heap Max Capacity: 2G
 Pre-touch: Disabled
 Parallel Workers: 8
 Concurrent Workers: 2
 Concurrent Refinement Workers: 8
 Periodic GC: Disabled

Heap:
 garbage-first heap   total 147456K, used 110930K [0x0000000080000000, 0x0000000100000000)
  region size 1024K, 21 young (21504K), 3 survivors (3072K)
 Metaspace       used 62483K, committed 63104K, reserved 1114112K
  class space    used 8557K, committed 8832K, reserved 1048576K

Heap Regions: E=young(eden), S=young(survivor), O=old, HS=humongous(starts), HC=humongous(continues), CS=collection set, F=free, OA=open archive, CA=closed archive, TAMS=top-at-mark-start (previous, next)
|   0|0x0000000080000000, 0x0000000080100000, 0x0000000080100000|100%|HS|  |TAMS 0x0000000080100000, 0x0000000080000000| Complete 
|   1|0x0000000080100000, 0x0000000080200000, 0x0000000080200000|100%|HC|  |TAMS 0x0000000080200000, 0x0000000080100000| Complete 
|   2|0x0000000080200000, 0x0000000080300000, 0x0000000080300000|100%|HC|  |TAMS 0x0000000080300000, 0x0000000080200000| Complete 
|   3|0x0000000080300000, 0x0000000080400000, 0x0000000080400000|100%|HC|  |TAMS 0x0000000080400000, 0x0000000080300000| Complete 
|   4|0x0000000080400000, 0x0000000080500000, 0x0000000080500000|100%| O|  |TAMS 0x0000000080500000, 0x0000000080400000| Untracked 
|   5|0x0000000080500000, 0x0000000080600000, 0x0000000080600000|100%| O|  |TAMS 0x0000000080600000, 0x0000000080500000| Untracked 
|   6|0x0000000080600000, 0x0000000080700000, 0x0000000080700000|100%| O|  |TAMS 0x0000000080700000, 0x0000000080600000| Untracked 
|   7|0x0000000080700000, 0x0000000080800000, 0x0000000080800000|100%| O|  |TAMS 0x0000000080800000, 0x0000000080700000| Untracked 
|   8|0x0000000080800000, 0x0000000080900000, 0x0000000080900000|100%| O|  |TAMS 0x0000000080900000, 0x0000000080800000| Untracked 
|   9|0x0000000080900000, 0x0000000080a00000, 0x0000000080a00000|100%| O|  |TAMS 0x0000000080a00000, 0x0000000080900000| Untracked 
|  10|0x0000000080a00000, 0x0000000080b00000, 0x0000000080b00000|100%|HS|  |TAMS 0x0000000080b00000, 0x0000000080a00000| Complete 
|  11|0x0000000080b00000, 0x0000000080c00000, 0x0000000080c00000|100%| O|  |TAMS 0x0000000080c00000, 0x0000000080b00000| Untracked 
|  12|0x0000000080c00000, 0x0000000080d00000, 0x0000000080d00000|100%| O|  |TAMS 0x0000000080d00000, 0x0000000080c00000| Untracked 
|  13|0x0000000080d00000, 0x0000000080e00000, 0x0000000080e00000|100%| O|  |TAMS 0x0000000080e00000, 0x0000000080d00000| Untracked 
|  14|0x0000000080e00000, 0x0000000080f00000, 0x0000000080f00000|100%| O|  |TAMS 0x0000000080f00000, 0x0000000080e00000| Untracked 
|  15|0x0000000080f00000, 0x0000000081000000, 0x0000000081000000|100%| O|  |TAMS 0x0000000081000000, 0x0000000080f00000| Untracked 
|  16|0x0000000081000000, 0x0000000081100000, 0x0000000081100000|100%| O|  |TAMS 0x0000000081100000, 0x0000000081000000| Untracked 
|  17|0x0000000081100000, 0x0000000081200000, 0x0000000081200000|100%| O|  |TAMS 0x0000000081200000, 0x0000000081100000| Untracked 
|  18|0x0000000081200000, 0x0000000081300000, 0x0000000081300000|100%| O|  |TAMS 0x0000000081300000, 0x0000000081200000| Untracked 
|  19|0x0000000081300000, 0x0000000081400000, 0x0000000081400000|100%| O|  |TAMS 0x0000000081400000, 0x0000000081300000| Untracked 
|  20|0x0000000081400000, 0x0000000081500000, 0x0000000081500000|100%| O|  |TAMS 0x0000000081500000, 0x0000000081400000| Untracked 
|  21|0x0000000081500000, 0x0000000081600000, 0x0000000081600000|100%| O|  |TAMS 0x0000000081600000, 0x0000000081500000| Untracked 
|  22|0x0000000081600000, 0x0000000081700000, 0x0000000081700000|100%|HS|  |TAMS 0x0000000081700000, 0x0000000081600000| Complete 
|  23|0x0000000081700000, 0x0000000081800000, 0x0000000081800000|100%|HC|  |TAMS 0x0000000081800000, 0x0000000081700000| Complete 
|  24|0x0000000081800000, 0x0000000081900000, 0x0000000081900000|100%|HC|  |TAMS 0x0000000081900000, 0x0000000081800000| Complete 
|  25|0x0000000081900000, 0x0000000081a00000, 0x0000000081a00000|100%|HC|  |TAMS 0x0000000081a00000, 0x0000000081900000| Complete 
|  26|0x0000000081a00000, 0x0000000081b00000, 0x0000000081b00000|100%|HC|  |TAMS 0x0000000081b00000, 0x0000000081a00000| Complete 
|  27|0x0000000081b00000, 0x0000000081c00000, 0x0000000081c00000|100%|HS|  |TAMS 0x0000000081c00000, 0x0000000081b00000| Complete 
|  28|0x0000000081c00000, 0x0000000081d00000, 0x0000000081d00000|100%|HC|  |TAMS 0x0000000081d00000, 0x0000000081c00000| Complete 
|  29|0x0000000081d00000, 0x0000000081e00000, 0x0000000081e00000|100%|HC|  |TAMS 0x0000000081e00000, 0x0000000081d00000| Complete 
|  30|0x0000000081e00000, 0x0000000081f00000, 0x0000000081f00000|100%|HS|  |TAMS 0x0000000081f00000, 0x0000000081e00000| Complete 
|  31|0x0000000081f00000, 0x0000000082000000, 0x0000000082000000|100%|HC|  |TAMS 0x0000000082000000, 0x0000000081f00000| Complete 
|  32|0x0000000082000000, 0x0000000082100000, 0x0000000082100000|100%|HC|  |TAMS 0x0000000082100000, 0x0000000082000000| Complete 
|  33|0x0000000082100000, 0x0000000082200000, 0x0000000082200000|100%| O|  |TAMS 0x0000000082200000, 0x0000000082100000| Untracked 
|  34|0x0000000082200000, 0x0000000082300000, 0x0000000082300000|100%| O|  |TAMS 0x0000000082300000, 0x0000000082200000| Untracked 
|  35|0x0000000082300000, 0x0000000082400000, 0x0000000082400000|100%| O|  |TAMS 0x0000000082400000, 0x0000000082300000| Untracked 
|  36|0x0000000082400000, 0x0000000082500000, 0x0000000082500000|100%| O|  |TAMS 0x0000000082500000, 0x0000000082400000| Untracked 
|  37|0x0000000082500000, 0x0000000082600000, 0x0000000082600000|100%| O|  |TAMS 0x0000000082600000, 0x0000000082500000| Untracked 
|  38|0x0000000082600000, 0x0000000082700000, 0x0000000082700000|100%| O|  |TAMS 0x0000000082700000, 0x0000000082600000| Untracked 
|  39|0x0000000082700000, 0x0000000082800000, 0x0000000082800000|100%| O|  |TAMS 0x0000000082800000, 0x0000000082700000| Untracked 
|  40|0x0000000082800000, 0x0000000082900000, 0x0000000082900000|100%| O|  |TAMS 0x0000000082900000, 0x0000000082800000| Untracked 
|  41|0x0000000082900000, 0x0000000082a00000, 0x0000000082a00000|100%| O|  |TAMS 0x0000000082a00000, 0x0000000082900000| Untracked 
|  42|0x0000000082a00000, 0x0000000082b00000, 0x0000000082b00000|100%| O|  |TAMS 0x0000000082b00000, 0x0000000082a00000| Untracked 
|  43|0x0000000082b00000, 0x0000000082c00000, 0x0000000082c00000|100%| O|  |TAMS 0x0000000082c00000, 0x0000000082b00000| Untracked 
|  44|0x0000000082c00000, 0x0000000082d00000, 0x0000000082d00000|100%| O|  |TAMS 0x0000000082d00000, 0x0000000082c00000| Untracked 
|  45|0x0000000082d00000, 0x0000000082e00000, 0x0000000082e00000|100%| O|  |TAMS 0x0000000082e00000, 0x0000000082d00000| Untracked 
|  46|0x0000000082e00000, 0x0000000082f00000, 0x0000000082f00000|100%| O|  |TAMS 0x0000000082f00000, 0x0000000082e00000| Untracked 
|  47|0x0000000082f00000, 0x0000000083000000, 0x0000000083000000|100%|HS|  |TAMS 0x0000000083000000, 0x0000000082f00000| Complete 
|  48|0x0000000083000000, 0x0000000083100000, 0x0000000083100000|100%|HC|  |TAMS 0x0000000083100000, 0x0000000083000000| Complete 
|  49|0x0000000083100000, 0x0000000083200000, 0x0000000083200000|100%|HC|  |TAMS 0x0000000083200000, 0x0000000083100000| Complete 
|  50|0x0000000083200000, 0x0000000083300000, 0x0000000083300000|100%|HS|  |TAMS 0x0000000083300000, 0x0000000083200000| Complete 
|  51|0x0000000083300000, 0x0000000083400000, 0x0000000083400000|100%|HC|  |TAMS 0x0000000083400000, 0x0000000083300000| Complete 
|  52|0x0000000083400000, 0x0000000083500000, 0x0000000083500000|100%|HC|  |TAMS 0x0000000083500000, 0x0000000083400000| Complete 
|  53|0x0000000083500000, 0x0000000083600000, 0x0000000083600000|100%|HC|  |TAMS 0x0000000083600000, 0x0000000083500000| Complete 
|  54|0x0000000083600000, 0x0000000083700000, 0x0000000083700000|100%|HC|  |TAMS 0x0000000083700000, 0x0000000083600000| Complete 
|  55|0x0000000083700000, 0x0000000083800000, 0x0000000083800000|100%| O|  |TAMS 0x0000000083800000, 0x0000000083700000| Untracked 
|  56|0x0000000083800000, 0x0000000083900000, 0x0000000083900000|100%| O|  |TAMS 0x0000000083900000, 0x0000000083800000| Untracked 
|  57|0x0000000083900000, 0x0000000083a00000, 0x0000000083a00000|100%|HS|  |TAMS 0x0000000083a00000, 0x0000000083900000| Complete 
|  58|0x0000000083a00000, 0x0000000083b00000, 0x0000000083b00000|100%|HC|  |TAMS 0x0000000083b00000, 0x0000000083a00000| Complete 
|  59|0x0000000083b00000, 0x0000000083c00000, 0x0000000083c00000|100%|HC|  |TAMS 0x0000000083c00000, 0x0000000083b00000| Complete 
|  60|0x0000000083c00000, 0x0000000083d00000, 0x0000000083d00000|100%|HC|  |TAMS 0x0000000083d00000, 0x0000000083c00000| Complete 
|  61|0x0000000083d00000, 0x0000000083e00000, 0x0000000083e00000|100%|HC|  |TAMS 0x0000000083e00000, 0x0000000083d00000| Complete 
|  62|0x0000000083e00000, 0x0000000083f00000, 0x0000000083f00000|100%| O|  |TAMS 0x0000000083f00000, 0x0000000083e00000| Untracked 
|  63|0x0000000083f00000, 0x0000000084000000, 0x0000000084000000|100%| O|  |TAMS 0x0000000084000000, 0x0000000083f00000| Untracked 
|  64|0x0000000084000000, 0x0000000084100000, 0x0000000084100000|100%| O|  |TAMS 0x0000000084100000, 0x0000000084000000| Untracked 
|  65|0x0000000084100000, 0x0000000084200000, 0x0000000084200000|100%| O|  |TAMS 0x0000000084200000, 0x0000000084100000| Complete 
|  66|0x0000000084200000, 0x0000000084300000, 0x0000000084300000|100%| O|  |TAMS 0x0000000084300000, 0x0000000084200000| Untracked 
|  67|0x0000000084300000, 0x0000000084400000, 0x0000000084400000|100%| O|  |TAMS 0x0000000084400000, 0x0000000084300000| Untracked 
|  68|0x0000000084400000, 0x0000000084500000, 0x0000000084500000|100%| O|  |TAMS 0x0000000084500000, 0x0000000084400000| Untracked 
|  69|0x0000000084500000, 0x0000000084600000, 0x0000000084600000|100%| O|  |TAMS 0x0000000084600000, 0x0000000084500000| Untracked 
|  70|0x0000000084600000, 0x0000000084700000, 0x0000000084700000|100%| O|  |TAMS 0x0000000084700000, 0x0000000084600000| Untracked 
|  71|0x0000000084700000, 0x0000000084800000, 0x0000000084800000|100%| O|  |TAMS 0x000000008471ce00, 0x0000000084700000| Untracked 
|  72|0x0000000084800000, 0x0000000084900000, 0x0000000084900000|100%| O|  |TAMS 0x0000000084800000, 0x0000000084800000| Untracked 
|  73|0x0000000084900000, 0x0000000084a00000, 0x0000000084a00000|100%| O|  |TAMS 0x0000000084900000, 0x0000000084900000| Untracked 
|  74|0x0000000084a00000, 0x0000000084b00000, 0x0000000084b00000|100%| O|  |TAMS 0x0000000084a00000, 0x0000000084a00000| Untracked 
|  75|0x0000000084b00000, 0x0000000084b54800, 0x0000000084c00000| 33%| O|  |TAMS 0x0000000084b00000, 0x0000000084b00000| Untracked 
|  76|0x0000000084c00000, 0x0000000084d00000, 0x0000000084d00000|100%|HS|  |TAMS 0x0000000084c00000, 0x0000000084c00000| Complete 
|  77|0x0000000084d00000, 0x0000000084e00000, 0x0000000084e00000|100%|HS|  |TAMS 0x0000000084d00000, 0x0000000084d00000| Complete 
|  78|0x0000000084e00000, 0x0000000084f00000, 0x0000000084f00000|100%|HS|  |TAMS 0x0000000084e00000, 0x0000000084e00000| Complete 
|  79|0x0000000084f00000, 0x0000000085000000, 0x0000000085000000|100%|HC|  |TAMS 0x0000000084f00000, 0x0000000084f00000| Complete 
|  80|0x0000000085000000, 0x0000000085100000, 0x0000000085100000|100%|HS|  |TAMS 0x0000000085000000, 0x0000000085000000| Complete 
|  81|0x0000000085100000, 0x0000000085200000, 0x0000000085200000|100%|HC|  |TAMS 0x0000000085100000, 0x0000000085100000| Complete 
|  82|0x0000000085200000, 0x0000000085300000, 0x0000000085300000|100%|HS|  |TAMS 0x0000000085200000, 0x0000000085200000| Complete 
|  83|0x0000000085300000, 0x0000000085400000, 0x0000000085400000|100%|HS|  |TAMS 0x0000000085300000, 0x0000000085300000| Complete 
|  84|0x0000000085400000, 0x0000000085500000, 0x0000000085500000|100%|HS|  |TAMS 0x0000000085400000, 0x0000000085400000| Complete 
|  85|0x0000000085500000, 0x0000000085600000, 0x0000000085600000|100%|HC|  |TAMS 0x0000000085500000, 0x0000000085500000| Complete 
|  86|0x0000000085600000, 0x0000000085700000, 0x0000000085700000|100%|HC|  |TAMS 0x0000000085600000, 0x0000000085600000| Complete 
|  87|0x0000000085700000, 0x0000000085800000, 0x0000000085800000|100%|HC|  |TAMS 0x0000000085700000, 0x0000000085700000| Complete 
|  88|0x0000000085800000, 0x0000000085900000, 0x0000000085900000|100%|HS|  |TAMS 0x0000000085800000, 0x0000000085800000| Complete 
|  89|0x0000000085900000, 0x0000000085a00000, 0x0000000085a00000|100%|HS|  |TAMS 0x0000000085900000, 0x0000000085900000| Complete 
|  90|0x0000000085a00000, 0x0000000085a00000, 0x0000000085b00000|  0%| F|  |TAMS 0x0000000085a00000, 0x0000000085a00000| Untracked 
|  91|0x0000000085b00000, 0x0000000085b00000, 0x0000000085c00000|  0%| F|  |TAMS 0x0000000085b00000, 0x0000000085b00000| Untracked 
|  92|0x0000000085c00000, 0x0000000085c00000, 0x0000000085d00000|  0%| F|  |TAMS 0x0000000085c00000, 0x0000000085c00000| Untracked 
|  93|0x0000000085d00000, 0x0000000085d00000, 0x0000000085e00000|  0%| F|  |TAMS 0x0000000085d00000, 0x0000000085d00000| Untracked 
|  94|0x0000000085e00000, 0x0000000085e00000, 0x0000000085f00000|  0%| F|  |TAMS 0x0000000085e00000, 0x0000000085e00000| Untracked 
|  95|0x0000000085f00000, 0x0000000085f00000, 0x0000000086000000|  0%| F|  |TAMS 0x0000000085f00000, 0x0000000085f00000| Untracked 
|  96|0x0000000086000000, 0x0000000086000000, 0x0000000086100000|  0%| F|  |TAMS 0x0000000086000000, 0x0000000086000000| Untracked 
|  97|0x0000000086100000, 0x0000000086100000, 0x0000000086200000|  0%| F|  |TAMS 0x0000000086100000, 0x0000000086100000| Untracked 
|  98|0x0000000086200000, 0x0000000086200000, 0x0000000086300000|  0%| F|  |TAMS 0x0000000086200000, 0x0000000086200000| Untracked 
|  99|0x0000000086300000, 0x0000000086300000, 0x0000000086400000|  0%| F|  |TAMS 0x0000000086300000, 0x0000000086300000| Untracked 
| 100|0x0000000086400000, 0x0000000086400000, 0x0000000086500000|  0%| F|  |TAMS 0x0000000086400000, 0x0000000086400000| Untracked 
| 101|0x0000000086500000, 0x0000000086500000, 0x0000000086600000|  0%| F|  |TAMS 0x0000000086500000, 0x0000000086500000| Untracked 
| 102|0x0000000086600000, 0x0000000086600000, 0x0000000086700000|  0%| F|  |TAMS 0x0000000086600000, 0x0000000086600000| Untracked 
| 103|0x0000000086700000, 0x0000000086700000, 0x0000000086800000|  0%| F|  |TAMS 0x0000000086700000, 0x0000000086700000| Untracked 
| 104|0x0000000086800000, 0x0000000086800000, 0x0000000086900000|  0%| F|  |TAMS 0x0000000086800000, 0x0000000086800000| Untracked 
| 105|0x0000000086900000, 0x0000000086900000, 0x0000000086a00000|  0%| F|  |TAMS 0x0000000086900000, 0x0000000086900000| Untracked 
| 106|0x0000000086a00000, 0x0000000086a00000, 0x0000000086b00000|  0%| F|  |TAMS 0x0000000086a00000, 0x0000000086a00000| Untracked 
| 107|0x0000000086b00000, 0x0000000086b00000, 0x0000000086c00000|  0%| F|  |TAMS 0x0000000086b00000, 0x0000000086b00000| Untracked 
| 108|0x0000000086c00000, 0x0000000086c00000, 0x0000000086d00000|  0%| F|  |TAMS 0x0000000086c00000, 0x0000000086c00000| Untracked 
| 109|0x0000000086d00000, 0x0000000086d00000, 0x0000000086e00000|  0%| F|  |TAMS 0x0000000086d00000, 0x0000000086d00000| Untracked 
| 110|0x0000000086e00000, 0x0000000086e00000, 0x0000000086f00000|  0%| F|  |TAMS 0x0000000086e00000, 0x0000000086e00000| Untracked 
| 111|0x0000000086f00000, 0x0000000086f00000, 0x0000000087000000|  0%| F|  |TAMS 0x0000000086f00000, 0x0000000086f00000| Untracked 
| 112|0x0000000087000000, 0x0000000087000000, 0x0000000087100000|  0%| F|  |TAMS 0x0000000087000000, 0x0000000087000000| Untracked 
| 113|0x0000000087100000, 0x0000000087100000, 0x0000000087200000|  0%| F|  |TAMS 0x0000000087100000, 0x0000000087100000| Untracked 
| 114|0x0000000087200000, 0x0000000087200000, 0x0000000087300000|  0%| F|  |TAMS 0x0000000087200000, 0x0000000087200000| Untracked 
| 115|0x0000000087300000, 0x0000000087300000, 0x0000000087400000|  0%| F|  |TAMS 0x0000000087300000, 0x0000000087300000| Untracked 
| 116|0x0000000087400000, 0x0000000087400000, 0x0000000087500000|  0%| F|  |TAMS 0x0000000087400000, 0x0000000087400000| Untracked 
| 117|0x0000000087500000, 0x0000000087500000, 0x0000000087600000|  0%| F|  |TAMS 0x0000000087500000, 0x0000000087500000| Untracked 
| 118|0x0000000087600000, 0x0000000087600000, 0x0000000087700000|  0%| F|  |TAMS 0x0000000087600000, 0x0000000087600000| Untracked 
| 119|0x0000000087700000, 0x0000000087700000, 0x0000000087800000|  0%| F|  |TAMS 0x0000000087700000, 0x0000000087700000| Untracked 
| 120|0x0000000087800000, 0x0000000087800000, 0x0000000087900000|  0%| F|  |TAMS 0x0000000087800000, 0x0000000087800000| Untracked 
| 121|0x0000000087900000, 0x0000000087900000, 0x0000000087a00000|  0%| F|  |TAMS 0x0000000087900000, 0x0000000087900000| Untracked 
| 122|0x0000000087a00000, 0x0000000087b00000, 0x0000000087b00000|100%| S|CS|TAMS 0x0000000087a00000, 0x0000000087a00000| Complete 
| 123|0x0000000087b00000, 0x0000000087c00000, 0x0000000087c00000|100%| S|CS|TAMS 0x0000000087b00000, 0x0000000087b00000| Complete 
| 124|0x0000000087c00000, 0x0000000087d00000, 0x0000000087d00000|100%| S|CS|TAMS 0x0000000087c00000, 0x0000000087c00000| Complete 
| 125|0x0000000087d00000, 0x0000000087d00000, 0x0000000087e00000|  0%| F|  |TAMS 0x0000000087d00000, 0x0000000087d00000| Untracked 
| 126|0x0000000087e00000, 0x0000000087ec5718, 0x0000000087f00000| 77%| E|  |TAMS 0x0000000087e00000, 0x0000000087e00000| Complete 
| 127|0x0000000087f00000, 0x0000000088000000, 0x0000000088000000|100%| E|CS|TAMS 0x0000000087f00000, 0x0000000087f00000| Complete 
| 128|0x0000000088000000, 0x0000000088100000, 0x0000000088100000|100%| E|CS|TAMS 0x0000000088000000, 0x0000000088000000| Complete 
| 129|0x0000000088100000, 0x0000000088200000, 0x0000000088200000|100%| E|CS|TAMS 0x0000000088100000, 0x0000000088100000| Complete 
| 130|0x0000000088200000, 0x0000000088300000, 0x0000000088300000|100%| E|CS|TAMS 0x0000000088200000, 0x0000000088200000| Complete 
| 131|0x0000000088300000, 0x0000000088400000, 0x0000000088400000|100%| E|CS|TAMS 0x0000000088300000, 0x0000000088300000| Complete 
| 132|0x0000000088400000, 0x0000000088500000, 0x0000000088500000|100%| E|CS|TAMS 0x0000000088400000, 0x0000000088400000| Complete 
| 133|0x0000000088500000, 0x0000000088600000, 0x0000000088600000|100%| E|CS|TAMS 0x0000000088500000, 0x0000000088500000| Complete 
| 134|0x0000000088600000, 0x0000000088700000, 0x0000000088700000|100%| E|CS|TAMS 0x0000000088600000, 0x0000000088600000| Complete 
| 135|0x0000000088700000, 0x0000000088800000, 0x0000000088800000|100%| E|CS|TAMS 0x0000000088700000, 0x0000000088700000| Complete 
| 136|0x0000000088800000, 0x0000000088900000, 0x0000000088900000|100%| E|CS|TAMS 0x0000000088800000, 0x0000000088800000| Complete 
| 137|0x0000000088900000, 0x0000000088a00000, 0x0000000088a00000|100%| E|CS|TAMS 0x0000000088900000, 0x0000000088900000| Complete 
| 138|0x0000000088a00000, 0x0000000088b00000, 0x0000000088b00000|100%| E|CS|TAMS 0x0000000088a00000, 0x0000000088a00000| Complete 
| 139|0x0000000088b00000, 0x0000000088c00000, 0x0000000088c00000|100%| E|  |TAMS 0x0000000088b00000, 0x0000000088b00000| Complete 
| 140|0x0000000088c00000, 0x0000000088d00000, 0x0000000088d00000|100%| E|CS|TAMS 0x0000000088c00000, 0x0000000088c00000| Complete 
| 141|0x0000000088d00000, 0x0000000088e00000, 0x0000000088e00000|100%| E|CS|TAMS 0x0000000088d00000, 0x0000000088d00000| Complete 
| 142|0x0000000088e00000, 0x0000000088f00000, 0x0000000088f00000|100%| E|CS|TAMS 0x0000000088e00000, 0x0000000088e00000| Complete 
| 143|0x0000000088f00000, 0x0000000089000000, 0x0000000089000000|100%| E|CS|TAMS 0x0000000088f00000, 0x0000000088f00000| Complete 

Card table byte_map: [0x000001f112420000,0x000001f112820000] _byte_map_base: 0x000001f112020000

Marking Bits (Prev, Next): (CMBitMap*) 0x000001f17f84aaa0, (CMBitMap*) 0x000001f17f84aa60
 Prev Bits: [0x000001f114c20000, 0x000001f116c20000)
 Next Bits: [0x000001f112c20000, 0x000001f114c20000)

Polling page: 0x000001f17d7d0000

Metaspace:

Usage:
  Non-class:     52.70 MB used.
      Class:      8.36 MB used.
       Both:     61.05 MB used.

Virtual space:
  Non-class space:       64.00 MB reserved,      53.06 MB ( 83%) committed,  1 nodes.
      Class space:        1.00 GB reserved,       8.62 MB ( <1%) committed,  1 nodes.
             Both:        1.06 GB reserved,      61.69 MB (  6%) committed. 

Chunk freelists:
   Non-Class:  10.61 MB
       Class:  7.38 MB
        Both:  17.98 MB

MaxMetaspaceSize: unlimited
CompressedClassSpaceSize: 1.00 GB
Initial GC threshold: 21.00 MB
Current GC threshold: 101.81 MB
CDS: off
MetaspaceReclaimPolicy: balanced
 - commit_granule_bytes: 65536.
 - commit_granule_words: 8192.
 - virtual_space_node_default_size: 8388608.
 - enlarge_chunks_in_place: 1.
 - new_chunks_are_fully_committed: 0.
 - uncommit_free_chunks: 1.
 - use_allocation_guard: 0.
 - handle_deallocations: 1.


Internal statistics:

num_allocs_failed_limit: 6.
num_arena_births: 786.
num_arena_deaths: 0.
num_vsnodes_births: 2.
num_vsnodes_deaths: 0.
num_space_committed: 987.
num_space_uncommitted: 0.
num_chunks_returned_to_freelist: 6.
num_chunks_taken_from_freelist: 3045.
num_chunk_merges: 6.
num_chunk_splits: 1939.
num_chunks_enlarged: 1247.
num_inconsistent_stats: 0.

CodeHeap 'non-profiled nmethods': size=120000Kb used=3355Kb max_used=3355Kb free=116644Kb
 bounds [0x000001f10aef0000, 0x000001f10b240000, 0x000001f112420000]
CodeHeap 'profiled nmethods': size=120000Kb used=13733Kb max_used=13733Kb free=106267Kb
 bounds [0x000001f103420000, 0x000001f104190000, 0x000001f10a950000]
CodeHeap 'non-nmethods': size=5760Kb used=2341Kb max_used=2390Kb free=3419Kb
 bounds [0x000001f10a950000, 0x000001f10abc0000, 0x000001f10aef0000]
 total_blobs=8055 nmethods=7209 adapters=758
 compilation: enabled
              stopped_count=0, restarted_count=0
 full_count=0

Compilation events (20 events):
Event: 9.637 Thread 0x000001f11986a6f0 7277       3       sun.reflect.generics.tree.TypeVariableSignature::accept (8 bytes)
Event: 9.638 Thread 0x000001f11986a6f0 nmethod 7277 0x000001f104183c90 code [0x000001f104183e60, 0x000001f104184268]
Event: 9.642 Thread 0x000001f119869130 nmethod 7257 0x000001f10b233890 code [0x000001f10b233b40, 0x000001f10b235600]
Event: 9.642 Thread 0x000001f11986a6f0 7278       3       sun.reflect.generics.tree.Wildcard::accept (8 bytes)
Event: 9.642 Thread 0x000001f119869130 7275       4       java.util.regex.Pattern::compile (500 bytes)
Event: 9.643 Thread 0x000001f11986a6f0 nmethod 7278 0x000001f104184490 code [0x000001f104184680, 0x000001f104184b48]
Event: 9.643 Thread 0x000001f11986a6f0 7279       3       sun.reflect.generics.visitor.Reifier::visitWildcard (22 bytes)
Event: 9.644 Thread 0x000001f11986a6f0 nmethod 7279 0x000001f104184d90 code [0x000001f104184f60, 0x000001f104185388]
Event: 9.644 Thread 0x000001f11986a6f0 7280       3       sun.reflect.generics.tree.Wildcard::getLowerBounds (30 bytes)
Event: 9.644 Thread 0x000001f11986a6f0 nmethod 7280 0x000001f104185590 code [0x000001f104185740, 0x000001f104185978]
Event: 9.652 Thread 0x000001f11986a6f0 7283       3       org.objectweb.asm.AnnotationWriter::visitEnd (44 bytes)
Event: 9.652 Thread 0x000001f11986a6f0 nmethod 7283 0x000001f104185a90 code [0x000001f104185c20, 0x000001f104185db8]
Event: 9.655 Thread 0x000001f11986a6f0 7284       3       sun.security.provider.SHA2::implCompress0 (490 bytes)
Event: 9.655 Thread 0x000001f11986a6f0 nmethod 7284 0x000001f104185f10 code [0x000001f104186100, 0x000001f1041869a8]
Event: 9.715 Thread 0x000001f11986a6f0 7285       3       sun.nio.cs.StreamDecoder::<init> (52 bytes)
Event: 9.716 Thread 0x000001f11986a6f0 nmethod 7285 0x000001f104186e90 code [0x000001f104187080, 0x000001f1041876a8]
Event: 9.718 Thread 0x000001f11986a6f0 7286       3       java.io.BufferedReader::<init> (9 bytes)
Event: 9.718 Thread 0x000001f11986a6f0 nmethod 7286 0x000001f104187890 code [0x000001f104187a40, 0x000001f104187b88]
Event: 9.723 Thread 0x000001f11986a6f0 7287       3       jdk.internal.loader.URLClassPath$JarLoader::<init> (67 bytes)
Event: 9.724 Thread 0x000001f11986a6f0 nmethod 7287 0x000001f104187c10 code [0x000001f104187ea0, 0x000001f104188a98]

GC Heap History (20 events):
Event: 6.494 GC heap before
{Heap before GC invocations=15 (full 0):
 garbage-first heap   total 93184K, used 67595K [0x0000000080000000, 0x0000000100000000)
  region size 1024K, 23 young (23552K), 4 survivors (4096K)
 Metaspace       used 50191K, committed 50624K, reserved 1114112K
  class space    used 6788K, committed 6976K, reserved 1048576K
}
Event: 6.499 GC heap after
{Heap after GC invocations=16 (full 0):
 garbage-first heap   total 93184K, used 51272K [0x0000000080000000, 0x0000000100000000)
  region size 1024K, 4 young (4096K), 4 survivors (4096K)
 Metaspace       used 50191K, committed 50624K, reserved 1114112K
  class space    used 6788K, committed 6976K, reserved 1048576K
}
Event: 6.624 GC heap before
{Heap before GC invocations=17 (full 0):
 garbage-first heap   total 102400K, used 64584K [0x0000000080000000, 0x0000000100000000)
  region size 1024K, 11 young (11264K), 4 survivors (4096K)
 Metaspace       used 50447K, committed 50880K, reserved 1114112K
  class space    used 6836K, committed 7040K, reserved 1048576K
}
Event: 6.629 GC heap after
{Heap after GC invocations=18 (full 0):
 garbage-first heap   total 102400K, used 61628K [0x0000000080000000, 0x0000000100000000)
  region size 1024K, 4 young (4096K), 4 survivors (4096K)
 Metaspace       used 50447K, committed 50880K, reserved 1114112K
  class space    used 6836K, committed 7040K, reserved 1048576K
}
Event: 6.707 GC heap before
{Heap before GC invocations=19 (full 0):
 garbage-first heap   total 116736K, used 70844K [0x0000000080000000, 0x0000000100000000)
  region size 1024K, 10 young (10240K), 4 survivors (4096K)
 Metaspace       used 50799K, committed 51328K, reserved 1114112K
  class space    used 6861K, committed 7104K, reserved 1048576K
}
Event: 6.710 GC heap after
{Heap after GC invocations=20 (full 0):
 garbage-first heap   total 116736K, used 68887K [0x0000000080000000, 0x0000000100000000)
  region size 1024K, 2 young (2048K), 2 survivors (2048K)
 Metaspace       used 50799K, committed 51328K, reserved 1114112K
  class space    used 6861K, committed 7104K, reserved 1048576K
}
Event: 7.010 GC heap before
{Heap before GC invocations=21 (full 0):
 garbage-first heap   total 122880K, used 87319K [0x0000000080000000, 0x0000000100000000)
  region size 1024K, 18 young (18432K), 2 survivors (2048K)
 Metaspace       used 53061K, committed 53568K, reserved 1114112K
  class space    used 7092K, committed 7296K, reserved 1048576K
}
Event: 7.012 GC heap after
{Heap after GC invocations=22 (full 0):
 garbage-first heap   total 122880K, used 68843K [0x0000000080000000, 0x0000000100000000)
  region size 1024K, 2 young (2048K), 2 survivors (2048K)
 Metaspace       used 53061K, committed 53568K, reserved 1114112K
  class space    used 7092K, committed 7296K, reserved 1048576K
}
Event: 7.212 GC heap before
{Heap before GC invocations=22 (full 0):
 garbage-first heap   total 122880K, used 89323K [0x0000000080000000, 0x0000000100000000)
  region size 1024K, 22 young (22528K), 2 survivors (2048K)
 Metaspace       used 53910K, committed 54528K, reserved 1114112K
  class space    used 7246K, committed 7552K, reserved 1048576K
}
Event: 7.215 GC heap after
{Heap after GC invocations=23 (full 0):
 garbage-first heap   total 122880K, used 69929K [0x0000000080000000, 0x0000000100000000)
  region size 1024K, 2 young (2048K), 2 survivors (2048K)
 Metaspace       used 53910K, committed 54528K, reserved 1114112K
  class space    used 7246K, committed 7552K, reserved 1048576K
}
Event: 7.601 GC heap before
{Heap before GC invocations=24 (full 0):
 garbage-first heap   total 122880K, used 92457K [0x0000000080000000, 0x0000000100000000)
  region size 1024K, 24 young (24576K), 2 survivors (2048K)
 Metaspace       used 56846K, committed 57472K, reserved 1114112K
  class space    used 7713K, committed 8000K, reserved 1048576K
}
Event: 7.606 GC heap after
{Heap after GC invocations=25 (full 0):
 garbage-first heap   total 122880K, used 71146K [0x0000000080000000, 0x0000000100000000)
  region size 1024K, 3 young (3072K), 3 survivors (3072K)
 Metaspace       used 56846K, committed 57472K, reserved 1114112K
  class space    used 7713K, committed 8000K, reserved 1048576K
}
Event: 7.639 GC heap before
{Heap before GC invocations=25 (full 0):
 garbage-first heap   total 122880K, used 74218K [0x0000000080000000, 0x0000000100000000)
  region size 1024K, 6 young (6144K), 3 survivors (3072K)
 Metaspace       used 57152K, committed 57792K, reserved 1114112K
  class space    used 7767K, committed 8064K, reserved 1048576K
}
Event: 7.642 GC heap after
{Heap after GC invocations=26 (full 0):
 garbage-first heap   total 147456K, used 71047K [0x0000000080000000, 0x0000000100000000)
  region size 1024K, 1 young (1024K), 1 survivors (1024K)
 Metaspace       used 57152K, committed 57792K, reserved 1114112K
  class space    used 7767K, committed 8064K, reserved 1048576K
}
Event: 8.246 GC heap before
{Heap before GC invocations=26 (full 0):
 garbage-first heap   total 147456K, used 107911K [0x0000000080000000, 0x0000000100000000)
  region size 1024K, 37 young (37888K), 1 survivors (1024K)
 Metaspace       used 60680K, committed 61312K, reserved 1114112K
  class space    used 8364K, committed 8640K, reserved 1048576K
}
Event: 8.250 GC heap after
{Heap after GC invocations=27 (full 0):
 garbage-first heap   total 147456K, used 73158K [0x0000000080000000, 0x0000000100000000)
  region size 1024K, 3 young (3072K), 3 survivors (3072K)
 Metaspace       used 60680K, committed 61312K, reserved 1114112K
  class space    used 8364K, committed 8640K, reserved 1048576K
}
Event: 9.199 GC heap before
{Heap before GC invocations=28 (full 0):
 garbage-first heap   total 147456K, used 110022K [0x0000000080000000, 0x0000000100000000)
  region size 1024K, 40 young (40960K), 3 survivors (3072K)
 Metaspace       used 61621K, committed 62272K, reserved 1114112K
  class space    used 8432K, committed 8704K, reserved 1048576K
}
Event: 9.207 GC heap after
{Heap after GC invocations=29 (full 0):
 garbage-first heap   total 147456K, used 77939K [0x0000000080000000, 0x0000000100000000)
  region size 1024K, 5 young (5120K), 5 survivors (5120K)
 Metaspace       used 61621K, committed 62272K, reserved 1114112K
  class space    used 8432K, committed 8704K, reserved 1048576K
}
Event: 9.374 GC heap before
{Heap before GC invocations=29 (full 0):
 garbage-first heap   total 147456K, used 96371K [0x0000000080000000, 0x0000000100000000)
  region size 1024K, 24 young (24576K), 5 survivors (5120K)
 Metaspace       used 61861K, committed 62528K, reserved 1114112K
  class space    used 8452K, committed 8768K, reserved 1048576K
}
Event: 9.381 GC heap after
{Heap after GC invocations=30 (full 0):
 garbage-first heap   total 147456K, used 80210K [0x0000000080000000, 0x0000000100000000)
  region size 1024K, 3 young (3072K), 3 survivors (3072K)
 Metaspace       used 61861K, committed 62528K, reserved 1114112K
  class space    used 8452K, committed 8768K, reserved 1048576K
}

Dll operation events (3 events):
Event: 0.013 Loaded shared library C:\Program Files\Android\Android Studio\jbr\bin\java.dll
Event: 0.145 Loaded shared library C:\Program Files\Android\Android Studio\jbr\bin\zip.dll
Event: 0.468 Loaded shared library C:\Program Files\Android\Android Studio\jbr\bin\verify.dll

Deoptimization events (20 events):
Event: 9.335 Thread 0x000001f11e76e3b0 Uncommon trap: trap_request=0xffffff45 fr.pc=0x000001f10b213768 relative=0x00000000000007c8
Event: 9.335 Thread 0x000001f11e76e3b0 Uncommon trap: reason=unstable_if action=reinterpret pc=0x000001f10b213768 method=org.gradle.internal.snapshot.VfsRelativePath.compareToFirstSegment(Ljava/lang/String;Lorg/gradle/internal/snapshot/CaseSensitivity;)I @ 134 c2
Event: 9.335 Thread 0x000001f11e76e3b0 DEOPT PACKING pc=0x000001f10b213768 sp=0x000000ade44f7630
Event: 9.335 Thread 0x000001f11e76e3b0 DEOPT UNPACKING pc=0x000001f10a9aa1a3 sp=0x000000ade44f75b0 mode 2
Event: 9.367 Thread 0x000001f11e76e3b0 Uncommon trap: trap_request=0xffffffc6 fr.pc=0x000001f10b036780 relative=0x0000000000000240
Event: 9.367 Thread 0x000001f11e76e3b0 Uncommon trap: reason=bimorphic_or_optimized_type_check action=maybe_recompile pc=0x000001f10b036780 method=com.google.common.base.CharMatcher.indexIn(Ljava/lang/CharSequence;I)I @ 31 c2
Event: 9.367 Thread 0x000001f11e76e3b0 DEOPT PACKING pc=0x000001f10b036780 sp=0x000000ade44f8a10
Event: 9.367 Thread 0x000001f11e76e3b0 DEOPT UNPACKING pc=0x000001f10a9aa1a3 sp=0x000000ade44f89b8 mode 2
Event: 9.658 Thread 0x000001f11e76e3b0 Uncommon trap: trap_request=0xffffffde fr.pc=0x000001f10b08d9d8 relative=0x0000000000000858
Event: 9.658 Thread 0x000001f11e76e3b0 Uncommon trap: reason=class_check action=maybe_recompile pc=0x000001f10b08d9d8 method=java.io.BufferedInputStream.read1([BII)I @ 39 c2
Event: 9.658 Thread 0x000001f11e76e3b0 DEOPT PACKING pc=0x000001f10b08d9d8 sp=0x000000ade44f62f0
Event: 9.658 Thread 0x000001f11e76e3b0 DEOPT UNPACKING pc=0x000001f10a9aa1a3 sp=0x000000ade44f6208 mode 2
Event: 9.658 Thread 0x000001f11e76e3b0 Uncommon trap: trap_request=0xffffffde fr.pc=0x000001f10b08d9d8 relative=0x0000000000000858
Event: 9.658 Thread 0x000001f11e76e3b0 Uncommon trap: reason=class_check action=maybe_recompile pc=0x000001f10b08d9d8 method=java.io.BufferedInputStream.read1([BII)I @ 39 c2
Event: 9.658 Thread 0x000001f11e76e3b0 DEOPT PACKING pc=0x000001f10b08d9d8 sp=0x000000ade44f62f0
Event: 9.658 Thread 0x000001f11e76e3b0 DEOPT UNPACKING pc=0x000001f10a9aa1a3 sp=0x000000ade44f6208 mode 2
Event: 9.658 Thread 0x000001f11e76e3b0 Uncommon trap: trap_request=0xffffffde fr.pc=0x000001f10b08d9d8 relative=0x0000000000000858
Event: 9.658 Thread 0x000001f11e76e3b0 Uncommon trap: reason=class_check action=maybe_recompile pc=0x000001f10b08d9d8 method=java.io.BufferedInputStream.read1([BII)I @ 39 c2
Event: 9.658 Thread 0x000001f11e76e3b0 DEOPT PACKING pc=0x000001f10b08d9d8 sp=0x000000ade44f62f0
Event: 9.658 Thread 0x000001f11e76e3b0 DEOPT UNPACKING pc=0x000001f10a9aa1a3 sp=0x000000ade44f6208 mode 2

Classes unloaded (0 events):
No events

Classes redefined (0 events):
No events

Internal exceptions (20 events):
Event: 7.882 Thread 0x000001f11e76e3b0 Exception <a 'java/lang/NoSuchMethodError'{0x0000000087f72f98}: 'long java.lang.invoke.DirectMethodHandle$Holder.invokeStatic(java.lang.Object, long)'> (0x0000000087f72f98) 
thrown [s\src\hotspot\share\interpreter\linkResolver.cpp, line 771]
Event: 7.955 Thread 0x000001f11e76e3b0 Exception <a 'java/lang/NoSuchMethodError'{0x0000000087b7ceb8}: 'void java.lang.invoke.DirectMethodHandle$Holder.invokeStatic(java.lang.Object, java.lang.Object, java.lang.Object, java.lang.Object, java.lang.Object, java.lang.Object)'> (0x0000000087b7ceb8) 
thrown [s\src\hotspot\share\interpreter\linkResolver.cpp, line 771]
Event: 7.973 Thread 0x000001f11e76e3b0 Exception <a 'java/lang/NoSuchMethodError'{0x0000000087bfe3e0}: 'java.lang.Object java.lang.invoke.DirectMethodHandle$Holder.invokeSpecial(java.lang.Object, java.lang.Object, java.lang.Object, java.lang.Object, java.lang.Object, java.lang.Object, java.lang.Object, java.lang.Object, java.lang.Object, java.lang.Object, java.lang.Object, java.lang.Object, java.lang.Object, java.lang.Object, java.lang.Object, java.lang.Object, java.lang.Object, java.lang.Object, java.lang.Object, java.lang.Object, java.lang.Ob
Event: 7.973 Thread 0x000001f11e76e3b0 Exception <a 'java/lang/NoSuchMethodError'{0x0000000087a1fbd0}: 'java.lang.Object java.lang.invoke.DelegatingMethodHandle$Holder.reinvoke_L(java.lang.Object, java.lang.Object, java.lang.Object, java.lang.Object, java.lang.Object, java.lang.Object, java.lang.Object, java.lang.Object, java.lang.Object, java.lang.Object, java.lang.Object, java.lang.Object, java.lang.Object, java.lang.Object, java.lang.Object, java.lang.Object, java.lang.Object, java.lang.Object, java.lang.Object, java.lang.Object, java.lang.O
Event: 7.974 Thread 0x000001f11e76e3b0 Exception <a 'java/lang/NoSuchMethodError'{0x0000000087a2b618}: 'java.lang.Object java.lang.invoke.Invokers$Holder.invoker(java.lang.Object, java.lang.Object, java.lang.Object, java.lang.Object, java.lang.Object, java.lang.Object, java.lang.Object, java.lang.Object, java.lang.Object, java.lang.Object, java.lang.Object, java.lang.Object, java.lang.Object, java.lang.Object, java.lang.Object, java.lang.Object, java.lang.Object, java.lang.Object, java.lang.Object, java.lang.Object, java.lang.Object, java.lang.
Event: 7.974 Thread 0x000001f11e76e3b0 Exception <a 'java/lang/NoSuchMethodError'{0x0000000087a32218}: 'java.lang.Object java.lang.invoke.DelegatingMethodHandle$Holder.delegate(java.lang.Object, java.lang.Object, java.lang.Object, java.lang.Object, java.lang.Object, java.lang.Object, java.lang.Object, java.lang.Object, java.lang.Object, java.lang.Object, java.lang.Object, java.lang.Object, java.lang.Object, java.lang.Object, java.lang.Object, java.lang.Object, java.lang.Object, java.lang.Object, java.lang.Object, java.lang.Object, java.lang.Obj
Event: 7.984 Thread 0x000001f11e76e3b0 Exception <a 'java/lang/NoSuchMethodError'{0x0000000087afe068}: 'java.lang.Object java.lang.invoke.DirectMethodHandle$Holder.invokeStatic(java.lang.Object, java.lang.Object, java.lang.Object, java.lang.Object, java.lang.Object, java.lang.Object, java.lang.Object, java.lang.Object, java.lang.Object, java.lang.Object, java.lang.Object, java.lang.Object, java.lang.Object, java.lang.Object, java.lang.Object, java.lang.Object, java.lang.Object, java.lang.Object, java.lang.Object, java.lang.Object, java.lang.Obj
Event: 8.087 Thread 0x000001f11e76e3b0 Exception <a 'java/lang/NoSuchMethodError'{0x000000008759e018}: static Lorg/gradle/api/internal/catalog/DefaultVersionCatalog;.<clinit>()V> (0x000000008759e018) 
thrown [s\src\hotspot\share\prims\jni.cpp, line 1127]
Event: 8.091 Thread 0x000001f11e76e3b0 Exception <a 'java/lang/NoSuchMethodError'{0x00000000875f0a70}: static [Ljava/lang/Object;.<clinit>()V> (0x00000000875f0a70) 
thrown [s\src\hotspot\share\prims\jni.cpp, line 1127]
Event: 8.092 Thread 0x000001f11e76e3b0 Exception <a 'java/lang/NoSuchMethodError'{0x0000000087319970}: static Lorg/gradle/api/internal/catalog/DependencyModel;.<clinit>()V> (0x0000000087319970) 
thrown [s\src\hotspot\share\prims\jni.cpp, line 1127]
Event: 8.092 Thread 0x000001f11e76e3b0 Exception <a 'java/lang/NoSuchMethodError'{0x000000008731d368}: static Lorg/gradle/api/internal/catalog/AbstractContextAwareModel;.<clinit>()V> (0x000000008731d368) 
thrown [s\src\hotspot\share\prims\jni.cpp, line 1127]
Event: 8.093 Thread 0x000001f11e76e3b0 Exception <a 'java/lang/NoSuchMethodError'{0x0000000087336cb8}: static Lorg/gradle/api/internal/artifacts/dependencies/AbstractVersionConstraint;.<clinit>()V> (0x0000000087336cb8) 
thrown [s\src\hotspot\share\prims\jni.cpp, line 1127]
Event: 8.096 Thread 0x000001f11e76e3b0 Exception <a 'java/lang/NoSuchMethodError'{0x0000000087397618}: static Lorg/gradle/api/internal/catalog/PluginModel;.<clinit>()V> (0x0000000087397618) 
thrown [s\src\hotspot\share\prims\jni.cpp, line 1127]
Event: 8.096 Thread 0x000001f11e76e3b0 Exception <a 'java/lang/NoSuchMethodError'{0x00000000873ae458}: static Lorg/gradle/api/internal/catalog/VersionModel;.<clinit>()V> (0x00000000873ae458) 
thrown [s\src\hotspot\share\prims\jni.cpp, line 1127]
Event: 8.160 Thread 0x000001f11e76e3b0 Exception <a 'java/lang/NoSuchMethodError'{0x0000000086f4c778}: 'int java.lang.invoke.DirectMethodHandle$Holder.invokeSpecialIFC(java.lang.Object, java.lang.Object, java.lang.Object)'> (0x0000000086f4c778) 
thrown [s\src\hotspot\share\interpreter\linkResolver.cpp, line 771]
Event: 8.225 Thread 0x000001f11e76e3b0 Exception <a 'java/lang/NoSuchMethodError'{0x0000000086b10598}: 'java.lang.Object java.lang.invoke.DirectMethodHandle$Holder.newInvokeSpecial(java.lang.Object, java.lang.Object, java.lang.Object, java.lang.Object, java.lang.Object, int)'> (0x0000000086b10598) 
thrown [s\src\hotspot\share\interpreter\linkResolver.cpp, line 771]
Event: 8.226 Thread 0x000001f11e76e3b0 Exception <a 'java/lang/NoSuchMethodError'{0x0000000086b15c98}: 'java.lang.Object java.lang.invoke.DirectMethodHandle$Holder.invokeSpecial(java.lang.Object, java.lang.Object, java.lang.Object, java.lang.Object, java.lang.Object, java.lang.Object, int)'> (0x0000000086b15c98) 
thrown [s\src\hotspot\share\interpreter\linkResolver.cpp, line 771]
Event: 8.226 Thread 0x000001f11e76e3b0 Exception <a 'java/lang/NoSuchMethodError'{0x0000000086b1ad20}: 'java.lang.Object java.lang.invoke.Invokers$Holder.linkToTargetMethod(java.lang.Object, java.lang.Object, java.lang.Object, java.lang.Object, int, java.lang.Object)'> (0x0000000086b1ad20) 
thrown [s\src\hotspot\share\interpreter\linkResolver.cpp, line 771]
Event: 8.231 Thread 0x000001f11e76e3b0 Exception <a 'java/lang/NoSuchMethodError'{0x0000000086b4e270}: 'java.lang.Object java.lang.invoke.DirectMethodHandle$Holder.invokeSpecial(java.lang.Object, java.lang.Object, java.lang.Object, java.lang.Object, java.lang.Object, long)'> (0x0000000086b4e270) 
thrown [s\src\hotspot\share\interpreter\linkResolver.cpp, line 771]
Event: 8.233 Thread 0x000001f11e76e3b0 Exception <a 'java/lang/NoSuchMethodError'{0x0000000086b71be8}: 'void java.lang.invoke.DirectMethodHandle$Holder.invokeStatic(java.lang.Object, java.lang.Object, java.lang.Object, int, java.lang.Object)'> (0x0000000086b71be8) 
thrown [s\src\hotspot\share\interpreter\linkResolver.cpp, line 771]

VM Operations (20 events):
Event: 8.321 Executing VM operation: G1PauseCleanup
Event: 8.322 Executing VM operation: G1PauseCleanup done
Event: 8.552 Executing VM operation: ICBufferFull
Event: 8.553 Executing VM operation: ICBufferFull done
Event: 8.679 Executing VM operation: HandshakeAllThreads
Event: 8.679 Executing VM operation: HandshakeAllThreads done
Event: 8.777 Executing VM operation: ICBufferFull
Event: 8.778 Executing VM operation: ICBufferFull done
Event: 9.053 Executing VM operation: ICBufferFull
Event: 9.067 Executing VM operation: ICBufferFull done
Event: 9.199 Executing VM operation: G1CollectForAllocation
Event: 9.208 Executing VM operation: G1CollectForAllocation done
Event: 9.364 Executing VM operation: ICBufferFull
Event: 9.364 Executing VM operation: ICBufferFull done
Event: 9.374 Executing VM operation: G1TryInitiateConcMark
Event: 9.381 Executing VM operation: G1TryInitiateConcMark done
Event: 9.420 Executing VM operation: G1PauseRemark
Event: 9.423 Executing VM operation: G1PauseRemark done
Event: 9.445 Executing VM operation: G1PauseCleanup
Event: 9.445 Executing VM operation: G1PauseCleanup done

Events (20 events):
Event: 8.628 loading class java/util/Collections$ReverseComparator
Event: 8.628 loading class java/util/Collections$ReverseComparator done
Event: 8.628 loading class java/util/Collections$ReverseComparator2
Event: 8.628 loading class java/util/Collections$ReverseComparator2 done
Event: 8.758 loading class java/util/LinkedList$LLSpliterator
Event: 8.759 loading class java/util/LinkedList$LLSpliterator done
Event: 8.791 Thread 0x000001f1213a2ec0 Thread added: 0x000001f1213a2ec0
Event: 8.791 Thread 0x000001f1213a7ab0 Thread added: 0x000001f1213a7ab0
Event: 8.791 Thread 0x000001f1213a6b80 Thread added: 0x000001f1213a6b80
Event: 8.791 Thread 0x000001f1213a1a80 Thread added: 0x000001f1213a1a80
Event: 8.791 Thread 0x000001f1213a4d20 Thread added: 0x000001f1213a4d20
Event: 8.791 Thread 0x000001f1213a7090 Thread added: 0x000001f1213a7090
Event: 8.792 Thread 0x000001f1213a7fc0 Thread added: 0x000001f1213a7fc0
Event: 8.983 Thread 0x000001f1213a33d0 Thread added: 0x000001f1213a33d0
Event: 8.984 Thread 0x000001f1213a89e0 Thread added: 0x000001f1213a89e0
Event: 8.992 Thread 0x000001f1213a3df0 Thread added: 0x000001f1213a3df0
Event: 8.994 Thread 0x000001f1213a4810 Thread added: 0x000001f1213a4810
Event: 9.001 Thread 0x000001f1213a5230 Thread added: 0x000001f1213a5230
Event: 9.008 Thread 0x000001f1213a5740 Thread added: 0x000001f1213a5740
Event: 9.011 Thread 0x000001f1213a6160 Thread added: 0x000001f1213a6160


Dynamic libraries:
0x00007ff778300000 - 0x00007ff77830a000 	C:\Program Files\Android\Android Studio\jbr\bin\java.exe
0x00007ff84caf0000 - 0x00007ff84cd07000 	C:\WINDOWS\SYSTEM32\ntdll.dll
0x00007ff84a840000 - 0x00007ff84a904000 	C:\WINDOWS\System32\KERNEL32.DLL
0x00007ff849ff0000 - 0x00007ff84a3ab000 	C:\WINDOWS\System32\KERNELBASE.dll
0x00007ff84a6b0000 - 0x00007ff84a7c1000 	C:\WINDOWS\System32\ucrtbase.dll
0x00007ff83f1b0000 - 0x00007ff83f1c7000 	C:\Program Files\Android\Android Studio\jbr\bin\jli.dll
0x00007ff842db0000 - 0x00007ff842dcb000 	C:\Program Files\Android\Android Studio\jbr\bin\VCRUNTIME140.dll
0x00007ff84c4e0000 - 0x00007ff84c68f000 	C:\WINDOWS\System32\USER32.dll
0x00007ff81daa0000 - 0x00007ff81dd32000 	C:\WINDOWS\WinSxS\amd64_microsoft.windows.common-controls_6595b64144ccf1df_6.0.22621.4435_none_270f767f73860d61\COMCTL32.dll
0x00007ff84a510000 - 0x00007ff84a536000 	C:\WINDOWS\System32\win32u.dll
0x00007ff84c430000 - 0x00007ff84c4d7000 	C:\WINDOWS\System32\msvcrt.dll
0x00007ff84b490000 - 0x00007ff84b4b9000 	C:\WINDOWS\System32\GDI32.dll
0x00007ff849ed0000 - 0x00007ff849feb000 	C:\WINDOWS\System32\gdi32full.dll
0x00007ff84a3b0000 - 0x00007ff84a44a000 	C:\WINDOWS\System32\msvcp_win.dll
0x00007ff84a800000 - 0x00007ff84a831000 	C:\WINDOWS\System32\IMM32.DLL
0x00007ff842da0000 - 0x00007ff842dac000 	C:\Program Files\Android\Android Studio\jbr\bin\vcruntime140_1.dll
0x00007ffff7a60000 - 0x00007ffff7aed000 	C:\Program Files\Android\Android Studio\jbr\bin\msvcp140.dll
0x00007fffb19d0000 - 0x00007fffb2653000 	C:\Program Files\Android\Android Studio\jbr\bin\server\jvm.dll
0x00007ff84c9e0000 - 0x00007ff84ca92000 	C:\WINDOWS\System32\ADVAPI32.dll
0x00007ff84b3d0000 - 0x00007ff84b477000 	C:\WINDOWS\System32\sechost.dll
0x00007ff84a7d0000 - 0x00007ff84a7f8000 	C:\WINDOWS\System32\bcrypt.dll
0x00007ff84a910000 - 0x00007ff84aa24000 	C:\WINDOWS\System32\RPCRT4.dll
0x00007ff849280000 - 0x00007ff8492cd000 	C:\WINDOWS\SYSTEM32\POWRPROF.dll
0x00007ff817910000 - 0x00007ff817919000 	C:\WINDOWS\SYSTEM32\WSOCK32.dll
0x00007ff84c7f0000 - 0x00007ff84c861000 	C:\WINDOWS\System32\WS2_32.dll
0x00007ff841bc0000 - 0x00007ff841bf4000 	C:\WINDOWS\SYSTEM32\WINMM.dll
0x00007ff83f7f0000 - 0x00007ff83f7fa000 	C:\WINDOWS\SYSTEM32\VERSION.dll
0x00007ff849180000 - 0x00007ff849193000 	C:\WINDOWS\SYSTEM32\UMPDC.dll
0x00007ff848e20000 - 0x00007ff848e38000 	C:\WINDOWS\SYSTEM32\kernel.appcore.dll
0x00007ff842c30000 - 0x00007ff842c3a000 	C:\Program Files\Android\Android Studio\jbr\bin\jimage.dll
0x00007ff847720000 - 0x00007ff847952000 	C:\WINDOWS\SYSTEM32\DBGHELP.DLL
0x00007ff84b510000 - 0x00007ff84b89f000 	C:\WINDOWS\System32\combase.dll
0x00007ff84b2f0000 - 0x00007ff84b3c7000 	C:\WINDOWS\System32\OLEAUT32.dll
0x00007ff810ca0000 - 0x00007ff810cd2000 	C:\WINDOWS\SYSTEM32\dbgcore.DLL
0x00007ff849e50000 - 0x00007ff849ecb000 	C:\WINDOWS\System32\bcryptPrimitives.dll
0x00007ff83f490000 - 0x00007ff83f49e000 	C:\Program Files\Android\Android Studio\jbr\bin\instrument.dll
0x00007ff841660000 - 0x00007ff841685000 	C:\Program Files\Android\Android Studio\jbr\bin\java.dll
0x00007ff842c10000 - 0x00007ff842c28000 	C:\Program Files\Android\Android Studio\jbr\bin\zip.dll
0x00007ff84aa70000 - 0x00007ff84b2ed000 	C:\WINDOWS\System32\SHELL32.dll
0x00007ff847d10000 - 0x00007ff84861c000 	C:\WINDOWS\SYSTEM32\windows.storage.dll
0x00007ff847bd0000 - 0x00007ff847d0f000 	C:\WINDOWS\SYSTEM32\wintypes.dll
0x00007ff84c020000 - 0x00007ff84c11a000 	C:\WINDOWS\System32\SHCORE.dll
0x00007ff84c690000 - 0x00007ff84c6ee000 	C:\WINDOWS\System32\shlwapi.dll
0x00007ff849d00000 - 0x00007ff849d2b000 	C:\WINDOWS\SYSTEM32\profapi.dll
0x00007ff83fa00000 - 0x00007ff83fa19000 	C:\Program Files\Android\Android Studio\jbr\bin\net.dll
0x00007ff843310000 - 0x00007ff843446000 	C:\WINDOWS\SYSTEM32\WINHTTP.dll
0x00007ff849380000 - 0x00007ff8493e9000 	C:\WINDOWS\system32\mswsock.dll
0x00007ff83f9e0000 - 0x00007ff83f9f6000 	C:\Program Files\Android\Android Studio\jbr\bin\nio.dll
0x00007ff83f970000 - 0x00007ff83f980000 	C:\Program Files\Android\Android Studio\jbr\bin\verify.dll
0x00007ff83d990000 - 0x00007ff83d9b7000 	C:\Users\eveli\.gradle\native\c067742578af261105cb4f569cf0c3c89f3d7b1fecec35dd04571415982c5e48\windows-amd64\native-platform.dll
0x00007fffb3320000 - 0x00007fffb3464000 	C:\Users\eveli\.gradle\native\38dada09dfb8b06ba9b0570ebf7e218e3eb74d4ef43ca46872605cf95ebc2f47\windows-amd64\native-platform-file-events.dll
0x00007ff841650000 - 0x00007ff841659000 	C:\Program Files\Android\Android Studio\jbr\bin\management.dll
0x00007ff83f9d0000 - 0x00007ff83f9db000 	C:\Program Files\Android\Android Studio\jbr\bin\management_ext.dll
0x00007ff84caa0000 - 0x00007ff84caa8000 	C:\WINDOWS\System32\PSAPI.DLL
0x00007ff8495d0000 - 0x00007ff8495eb000 	C:\WINDOWS\SYSTEM32\CRYPTSP.dll
0x00007ff848de0000 - 0x00007ff848e15000 	C:\WINDOWS\system32\rsaenh.dll
0x00007ff849470000 - 0x00007ff849498000 	C:\WINDOWS\SYSTEM32\USERENV.dll
0x00007ff8495f0000 - 0x00007ff8495fc000 	C:\WINDOWS\SYSTEM32\CRYPTBASE.dll
0x00007ff848870000 - 0x00007ff84889d000 	C:\WINDOWS\SYSTEM32\IPHLPAPI.DLL
0x00007ff84b9d0000 - 0x00007ff84b9d9000 	C:\WINDOWS\System32\NSI.dll
0x00007ff841af0000 - 0x00007ff841b09000 	C:\WINDOWS\SYSTEM32\dhcpcsvc6.DLL
0x00007ff841ad0000 - 0x00007ff841aef000 	C:\WINDOWS\SYSTEM32\dhcpcsvc.DLL
0x00007ff8488a0000 - 0x00007ff8489a2000 	C:\WINDOWS\SYSTEM32\DNSAPI.dll
0x00007ff8419a0000 - 0x00007ff8419a9000 	C:\Program Files\Android\Android Studio\jbr\bin\extnet.dll
0x00007fffacb20000 - 0x00007fffacb28000 	C:\WINDOWS\system32\wshunix.dll

dbghelp: loaded successfully - version: 4.0.5 - missing functions: none
symbol engine: initialized successfully - sym options: 0x614 - pdb path: .;C:\Program Files\Android\Android Studio\jbr\bin;C:\WINDOWS\SYSTEM32;C:\WINDOWS\WinSxS\amd64_microsoft.windows.common-controls_6595b64144ccf1df_6.0.22621.4435_none_270f767f73860d61;C:\Program Files\Android\Android Studio\jbr\bin\server;C:\Users\eveli\.gradle\native\c067742578af261105cb4f569cf0c3c89f3d7b1fecec35dd04571415982c5e48\windows-amd64;C:\Users\eveli\.gradle\native\38dada09dfb8b06ba9b0570ebf7e218e3eb74d4ef43ca46872605cf95ebc2f47\windows-amd64

VM Arguments:
jvm_args: --add-opens=java.base/java.util=ALL-UNNAMED --add-opens=java.base/java.lang=ALL-UNNAMED --add-opens=java.base/java.lang.invoke=ALL-UNNAMED --add-opens=java.prefs/java.util.prefs=ALL-UNNAMED --add-opens=java.base/java.nio.charset=ALL-UNNAMED --add-opens=java.base/java.net=ALL-UNNAMED --add-opens=java.base/java.util.concurrent.atomic=ALL-UNNAMED -Xmx2048m -Dfile.encoding=UTF-8 -Duser.country=BR -Duser.language=pt -Duser.variant -javaagent:C:\Users\eveli\.gradle\wrapper\dists\gradle-8.7-bin\bhs2wmbdwecv87pi65oeuq5iu\gradle-8.7\lib\agents\gradle-instrumentation-agent-8.7.jar 
java_command: org.gradle.launcher.daemon.bootstrap.GradleDaemon 8.7
java_class_path (initial): C:\Users\eveli\.gradle\wrapper\dists\gradle-8.7-bin\bhs2wmbdwecv87pi65oeuq5iu\gradle-8.7\lib\gradle-launcher-8.7.jar
Launcher Type: SUN_STANDARD

[Global flags]
     intx CICompilerCount                          = 4                                         {product} {ergonomic}
     uint ConcGCThreads                            = 2                                         {product} {ergonomic}
     uint G1ConcRefinementThreads                  = 8                                         {product} {ergonomic}
   size_t G1HeapRegionSize                         = 1048576                                   {product} {ergonomic}
    uintx GCDrainStackTargetSize                   = 64                                        {product} {ergonomic}
   size_t InitialHeapSize                          = 130023424                                 {product} {ergonomic}
   size_t MarkStackSize                            = 4194304                                   {product} {ergonomic}
   size_t MaxHeapSize                              = 2147483648                                {product} {command line}
   size_t MaxNewSize                               = 1287651328                                {product} {ergonomic}
   size_t MinHeapDeltaBytes                        = 1048576                                   {product} {ergonomic}
   size_t MinHeapSize                              = 8388608                                   {product} {ergonomic}
    uintx NonNMethodCodeHeapSize                   = 5839372                                {pd product} {ergonomic}
    uintx NonProfiledCodeHeapSize                  = 122909434                              {pd product} {ergonomic}
    uintx ProfiledCodeHeapSize                     = 122909434                              {pd product} {ergonomic}
    uintx ReservedCodeCacheSize                    = 251658240                              {pd product} {ergonomic}
     bool SegmentedCodeCache                       = true                                      {product} {ergonomic}
   size_t SoftMaxHeapSize                          = 2147483648                             {manageable} {ergonomic}
     bool UseCompressedClassPointers               = true                           {product lp64_product} {ergonomic}
     bool UseCompressedOops                        = true                           {product lp64_product} {ergonomic}
     bool UseG1GC                                  = true                                      {product} {ergonomic}
     bool UseLargePagesIndividualAllocation        = false                                  {pd product} {ergonomic}

Logging:
Log output configuration:
 #0: stdout all=warning uptime,level,tags
 #1: stderr all=off uptime,level,tags

Environment Variables:
JAVA_HOME=C:\Program Files\Android\Android Studio\jbr
PATH=C:\Program Files (x86)\Common Files\Oracle\Java\javapath;C:\WINDOWS\system32;C:\WINDOWS;C:\WINDOWS\System32\Wbem;C:\WINDOWS\System32\WindowsPowerShell\v1.0\;C:\WINDOWS\System32\OpenSSH\;C:\Program Files\dotnet\;C:\Program Files\nodejs\;C:\Program Files\Git\cmd;C:\Program Files\Graphviz\bin;C:\Program Files\Graphviz\bin;C:\Users\eveli\AppData\Local\Programs\Python\Python312\Scripts\;C:\Users\eveli\AppData\Local\Programs\Python\Python312\;C:\Users\eveli\AppData\Local\Programs\Python\Python311\Scripts\;C:\Users\eveli\AppData\Local\Programs\Python\Python311\;C:\ghcup\bin;C:\Users\eveli\AppData\Local\Microsoft\WindowsApps;C:\Users\eveli\AppData\Local\Programs\Microsoft VS Code\bin;C:\SFML-2.5.1\bin;C:\Program Files\PostgreSQL\14\bin;C:\Users\eveli\AppData\Roaming\npm;C:\Users\eveli\.dotnet\tools;C:\src\flutter\bin;C:\msys64\mingw32\include;C:\msys64\mingw32\bin;C:\Program Files\Tesseract-OCR;
USERNAME=eveli
OS=Windows_NT
PROCESSOR_IDENTIFIER=Intel64 Family 6 Model 140 Stepping 1, GenuineIntel
TMP=C:\Users\eveli\AppData\Local\Temp
TEMP=C:\Users\eveli\AppData\Local\Temp



Periodic native trim disabled

JNI global refs:
JNI global refs: 26, weak refs: 5

JNI global refs memory usage: 843, weak refs: 841

Process memory usage:
Resident Set Size: 338188K (4% of 8105320K total physical memory with 198288K free physical memory)

OOME stack traces (most recent first):
Classloader memory used:
Loader org.gradle.internal.classloader.VisitableURLClassLoader                         : 3772K
Loader bootstrap                                                                       : 2489K
Loader org.gradle.initialization.MixInLegacyTypesClassLoader                           : 1137K
Loader org.gradle.internal.classloader.VisitableURLClassLoader$InstrumentingVisitableURLClassLoader: 145K
Loader org.gradle.internal.classloader.VisitableURLClassLoader                         : 125K
Loader jdk.internal.loader.ClassLoaders$PlatformClassLoader                            : 67267B
Loader jdk.internal.reflect.DelegatingClassLoader                                      : 38116B
Loader jdk.internal.loader.ClassLoaders$AppClassLoader                                 : 28714B
Loader org.gradle.groovy.scripts.internal.DefaultScriptCompilationHandler$ScriptClassLoader: 10932B
Loader org.codehaus.groovy.runtime.callsite.CallSiteClassLoader                        : 6077B

Classes loaded by more than one classloader:
Class Program                                                                         : loaded 4 times (x 72B)
Class org.gradle.internal.Cast                                                        : loaded 3 times (x 69B)
Class org.gradle.api.GradleException                                                  : loaded 3 times (x 80B)
Class kotlin.collections.AbstractCollection                                           : loaded 2 times (x 115B)
Class org.jetbrains.plugins.gradle.model.MavenRepositoryModel                         : loaded 2 times (x 68B)
Class com.google.common.collect.SingletonImmutableList                                : loaded 2 times (x 167B)
Class org.gradle.internal.classpath.ClassPath                                         : loaded 2 times (x 68B)
Class org.gradle.api.internal.classpath.DefaultModuleRegistry                         : loaded 2 times (x 84B)
Class org.gradle.internal.exceptions.NonGradleCauseExceptionsHolder                   : loaded 2 times (x 68B)
Class Settings_gradle$1$1                                                             : loaded 2 times (x 72B)
Class com.google.common.base.CharMatcher$JavaDigit                                    : loaded 2 times (x 109B)
Class com.google.common.base.CharMatcher$Digit                                        : loaded 2 times (x 110B)
Class kotlin.enums.EnumEntries                                                        : loaded 2 times (x 68B)
Class org.gradle.api.Action                                                           : loaded 2 times (x 68B)
Class org.jetbrains.kotlin.idea.gradleTooling.model.samWithReceiver.SamWithReceiverModel: loaded 2 times (x 68B)
Class com.google.common.collect.Lists$StringAsImmutableList                           : loaded 2 times (x 167B)
Class kotlin.enums.EnumEntriesKt                                                      : loaded 2 times (x 69B)
Class org.jetbrains.plugins.gradle.model.ExternalProject                              : loaded 2 times (x 68B)
Class org.jetbrains.plugins.gradle.model.IntelliJSettings                             : loaded 2 times (x 68B)
Class com.google.common.base.CharMatcher                                              : loaded 2 times (x 109B)
Class com.google.common.base.CharMatcher$IsNot                                        : loaded 2 times (x 109B)
Class com.google.common.base.Splitter                                                 : loaded 2 times (x 70B)
Class org.jetbrains.kotlin.idea.gradleTooling.KotlinMPPGradleModel                    : loaded 2 times (x 68B)
Class org.gradle.api.internal.DefaultClassPathProvider                                : loaded 2 times (x 74B)
Class org.gradle.internal.installation.GradleInstallation$1                           : loaded 2 times (x 73B)
Class com.google.common.base.CharMatcher$BitSetMatcher                                : loaded 2 times (x 110B)
Class org.gradle.internal.exceptions.DefaultMultiCauseException                       : loaded 2 times (x 93B)
Class org.gradle.tooling.model.UnsupportedMethodException                             : loaded 2 times (x 80B)
Class org.gradle.internal.time.MonotonicClock                                         : loaded 2 times (x 75B)
Class com.google.common.base.Predicate                                                : loaded 2 times (x 68B)
Class org.gradle.internal.classloader.FilteringClassLoader                            : loaded 2 times (x 103B)
Class org.gradle.tooling.model.Model                                                  : loaded 2 times (x 68B)
Class org.gradle.internal.classpath.DefaultClassPath$ImmutableUniqueList$Builder      : loaded 2 times (x 73B)
Class kotlin.UninitializedPropertyAccessException                                     : loaded 2 times (x 80B)
Class com.google.common.base.CharMatcher$InRange                                      : loaded 2 times (x 109B)
Class org.jetbrains.kotlin.idea.gradleTooling.KotlinSourceSetContainer                : loaded 2 times (x 68B)
Class com.google.common.collect.Lists                                                 : loaded 2 times (x 69B)
Class org.gradle.internal.classloader.ClassLoaderVisitor                              : loaded 2 times (x 74B)
Class org.gradle.internal.time.DefaultCountdownTimer                                  : loaded 2 times (x 86B)
Class org.gradle.internal.service.DefaultServiceLocator                               : loaded 2 times (x 81B)
Class org.jetbrains.plugins.gradle.model.jar.JarTaskManifestConfiguration             : loaded 2 times (x 68B)
Class org.gradle.internal.service.UnknownServiceException                             : loaded 2 times (x 81B)
Class org.jetbrains.plugins.gradle.model.DependencyAccessorsModel                     : loaded 2 times (x 68B)
Class org.gradle.internal.classloader.DefaultClassLoaderFactory                       : loaded 2 times (x 80B)
Class com.google.common.collect.UnmodifiableIterator                                  : loaded 2 times (x 78B)
Class com.google.common.base.CharMatcher$SingleWidth                                  : loaded 2 times (x 110B)
Class org.jetbrains.plugins.gradle.model.GradleExtensions                             : loaded 2 times (x 68B)
Class com.google.common.base.JdkPattern                                               : loaded 2 times (x 73B)
Class org.jetbrains.plugins.gradle.model.VersionCatalogsModel                         : loaded 2 times (x 68B)
Class org.gradle.internal.classloader.VisitableURLClassLoader$Spec                    : loaded 2 times (x 72B)
Class org.gradle.tooling.model.ProjectModel                                           : loaded 2 times (x 68B)
Class kotlin.collections.AbstractList                                                 : loaded 2 times (x 157B)
Class com.google.common.base.CharMatcher$JavaLetterOrDigit                            : loaded 2 times (x 109B)
Class org.gradle.tooling.internal.gradle.DefaultProjectIdentifier                     : loaded 2 times (x 84B)
Class org.gradle.api.internal.classpath.ModuleRegistry                                : loaded 2 times (x 68B)
Class com.google.common.collect.ImmutableCollection                                   : loaded 2 times (x 123B)
Class org.jetbrains.plugins.gradle.model.RepositoriesModel                            : loaded 2 times (x 68B)
Class kotlin.jvm.internal.markers.KMappedMarker                                       : loaded 2 times (x 68B)
Class org.gradle.util.GradleVersion                                                   : loaded 2 times (x 81B)
Class org.gradle.internal.classloader.ClasspathUtil$1                                 : loaded 2 times (x 74B)
Class com.google.common.collect.ImmutableList$ReverseImmutableList                    : loaded 2 times (x 168B)
Class org.gradle.internal.classloader.ClassLoaderFactory                              : loaded 2 times (x 68B)
Class com.google.common.collect.ObjectArrays                                          : loaded 2 times (x 69B)
Class com.google.common.collect.ImmutableList                                         : loaded 2 times (x 166B)
Class org.gradle.api.internal.classpath.ManifestUtil                                  : loaded 2 times (x 69B)
Class org.gradle.api.specs.Spec                                                       : loaded 2 times (x 68B)
Class kotlin.jvm.internal.Intrinsics                                                  : loaded 2 times (x 69B)
Class com.google.common.base.CharMatcher$Whitespace                                   : loaded 2 times (x 110B)
Class org.gradle.tooling.internal.gradle.GradleBuildIdentity                          : loaded 2 times (x 68B)
Class com.google.common.base.Preconditions                                            : loaded 2 times (x 69B)
Class org.gradle.internal.IoActions                                                   : loaded 2 times (x 69B)
Class com.google.common.collect.CollectPreconditions                                  : loaded 2 times (x 69B)
Class sync_studio_tooling2_24zet0xkx6udf2k0x7csvrgmq$_run_closure1                    : loaded 2 times (x 137B)
Class com.google.common.collect.AbstractIndexedListIterator                           : loaded 2 times (x 94B)
Class com.google.common.base.CharMatcher$None                                         : loaded 2 times (x 110B)
Class org.gradle.api.internal.classpath.EffectiveClassPath                            : loaded 2 times (x 88B)
Class com.google.common.collect.UnmodifiableListIterator                              : loaded 2 times (x 93B)
Class kotlin.jvm.internal.DefaultConstructorMarker                                    : loaded 2 times (x 69B)
Class com.google.common.collect.ImmutableList$1                                       : loaded 2 times (x 95B)
Class com.google.common.base.Splitter$Strategy                                        : loaded 2 times (x 68B)
Class org.gradle.internal.exceptions.ResolutionProvider                               : loaded 2 times (x 68B)
Class org.jetbrains.kotlin.idea.gradleTooling.model.annotation.AnnotationBasedPluginModel: loaded 2 times (x 68B)
Class org.jetbrains.kotlin.idea.gradleTooling.model.assignment.AssignmentModel        : loaded 2 times (x 68B)
Class org.gradle.internal.installation.CurrentGradleInstallation                      : loaded 2 times (x 71B)
Class org.gradle.internal.agents.InstrumentingClassLoader                             : loaded 2 times (x 68B)
Class org.gradle.internal.installation.CurrentGradleInstallationLocator               : loaded 2 times (x 69B)
Class org.gradle.api.internal.classpath.Module                                        : loaded 2 times (x 68B)
Class com.google.common.base.Splitter$1$1                                             : loaded 2 times (x 84B)
Class org.gradle.internal.service.CachingServiceLocator                               : loaded 2 times (x 80B)
Class org.gradle.internal.time.Timer                                                  : loaded 2 times (x 68B)
Class org.jetbrains.plugins.gradle.model.tests.ExternalTestsModel                     : loaded 2 times (x 68B)
Class org.jetbrains.kotlin.idea.gradleTooling.KotlinDslScriptAdditionalTask           : loaded 2 times (x 68B)
Class org.gradle.internal.classpath.DefaultClassPath                                  : loaded 2 times (x 88B)
Class com.google.common.base.Splitter$SplittingIterator                               : loaded 2 times (x 82B)
Class com.intellij.openapi.externalSystem.model.project.dependencies.ProjectDependencies: loaded 2 times (x 68B)
Class kotlin.enums.EnumEntriesList                                                    : loaded 2 times (x 183B)
Class Build_gradle$1                                                                  : loaded 2 times (x 76B)
Class org.jetbrains.kotlin.idea.gradleTooling.PrepareKotlinIdeImportTaskModel         : loaded 2 times (x 68B)
Class org.gradle.internal.impldep.com.google.common.base.Preconditions                : loaded 2 times (x 69B)
Class kotlin.jvm.functions.Function1                                                  : loaded 2 times (x 68B)
Class com.google.common.base.CharMatcher$Is                                           : loaded 2 times (x 109B)
Class com.google.common.collect.RegularImmutableAsList                                : loaded 2 times (x 176B)
Class org.gradle.internal.time.Time                                                   : loaded 2 times (x 69B)
Class org.gradle.internal.time.TimeSource$1                                           : loaded 2 times (x 75B)
Class kotlin.KotlinNullPointerException                                               : loaded 2 times (x 81B)
Class org.gradle.internal.classloader.SystemClassLoaderSpec                           : loaded 2 times (x 69B)
Class [Lcom.google.common.base.AbstractIterator$State;                                : loaded 2 times (x 67B)
Class com.google.common.base.AbstractIterator                                         : loaded 2 times (x 78B)
Class com.google.common.base.AbstractIterator$1                                       : loaded 2 times (x 69B)
Class kotlin.Function                                                                 : loaded 2 times (x 68B)
Class com.google.common.base.CharMatcher$1                                            : loaded 2 times (x 111B)
Class com.google.common.base.CharMatcher$Ascii                                        : loaded 2 times (x 110B)
Class org.gradle.api.UncheckedIOException                                             : loaded 2 times (x 80B)
Class com.google.common.base.CharMatcher$And                                          : loaded 2 times (x 110B)
Class com.google.common.base.CharMatcher$Any                                          : loaded 2 times (x 110B)
Class org.gradle.api.internal.ClassPathProvider                                       : loaded 2 times (x 68B)
Class com.google.common.base.CharMatcher$RangesMatcher                                : loaded 2 times (x 110B)
Class org.gradle.tooling.internal.gradle.GradleProjectIdentity                        : loaded 2 times (x 68B)
Class com.google.common.collect.ImmutableList$SubList                                 : loaded 2 times (x 168B)
Class org.gradle.internal.time.CountdownTimer                                         : loaded 2 times (x 68B)
Class org.gradle.internal.time.Clock                                                  : loaded 2 times (x 68B)
Class org.gradle.internal.classloader.ClasspathUtil                                   : loaded 2 times (x 69B)
Class org.gradle.tooling.model.BuildIdentifier                                        : loaded 2 times (x 68B)
Class com.google.common.base.Splitter$1                                               : loaded 2 times (x 75B)
Class org.gradle.api.internal.DefaultClassPathRegistry                                : loaded 2 times (x 74B)
Class org.gradle.api.internal.classpath.DefaultModuleRegistry$DefaultModule           : loaded 2 times (x 84B)
Class com.google.common.base.CharMatcher$JavaIsoControl                               : loaded 2 times (x 110B)
Class com.google.common.base.CharMatcher$Or                                           : loaded 2 times (x 110B)
Class org.gradle.kotlin.dsl.VersionCatalogAccessorsKt                                 : loaded 2 times (x 69B)
Class org.gradle.internal.time.TimeSource                                             : loaded 2 times (x 68B)
Class org.jetbrains.kotlin.android.synthetic.idea.AndroidExtensionsGradleModel        : loaded 2 times (x 68B)
Class com.google.common.base.CharMatcher$JavaLowerCase                                : loaded 2 times (x 109B)
Class org.gradle.api.internal.classpath.UnknownModuleException                        : loaded 2 times (x 80B)
Class com.google.common.base.CommonPattern                                            : loaded 2 times (x 72B)
Class org.jetbrains.plugins.gradle.model.IntelliJProjectSettings                      : loaded 2 times (x 68B)
Class org.gradle.internal.service.ServiceLookupException                              : loaded 2 times (x 80B)
Class org.gradle.cache.GlobalCache                                                    : loaded 2 times (x 68B)
Class org.jetbrains.kotlin.idea.gradleTooling.model.lombok.LombokModel                : loaded 2 times (x 68B)
Class ijInit1_anfvwc37pmfhl3e3jnkmo8maz                                               : loaded 2 times (x 177B)
Class org.gradle.tooling.model.ProjectIdentifier                                      : loaded 2 times (x 68B)
Class com.google.common.base.CharMatcher$NegatedFastMatcher                           : loaded 2 times (x 111B)
Class [Lorg.gradle.api.internal.ClassPathProvider;                                    : loaded 2 times (x 67B)
Class org.gradle.internal.operations.MultipleBuildOperationFailures                   : loaded 2 times (x 93B)
Class org.gradle.util.internal.GUtil                                                  : loaded 2 times (x 69B)
Class org.jetbrains.plugins.gradle.model.AnnotationProcessingModel                    : loaded 2 times (x 68B)
Class org.gradle.internal.classloader.ClassLoaderSpec                                 : loaded 2 times (x 69B)
Class com.google.common.base.NullnessCasts                                            : loaded 2 times (x 69B)
Class com.google.common.base.CharMatcher$Negated                                      : loaded 2 times (x 111B)
Class com.google.common.base.CharMatcher$ForPredicate                                 : loaded 2 times (x 110B)
Class org.gradle.internal.classloader.VisitableURLClassLoader                         : loaded 2 times (x 115B)
Class org.gradle.internal.installation.GradleInstallation                             : loaded 2 times (x 73B)
Class Build_gradle                                                                    : loaded 2 times (x 70B)
Class org.gradle.api.internal.ClassPathRegistry                                       : loaded 2 times (x 68B)
Class org.gradle.internal.classloader.VisitableURLClassLoader$InstrumentingVisitableURLClassLoader: loaded 2 times (x 121B)
Class org.gradle.internal.classloader.ClassLoaderHierarchy                            : loaded 2 times (x 68B)
Class org.gradle.internal.exceptions.MultiCauseException                              : loaded 2 times (x 68B)
Class org.jetbrains.kotlin.idea.gradleTooling.model.parcelize.ParcelizeGradleModel    : loaded 2 times (x 68B)
Class com.google.common.base.AbstractIterator$State                                   : loaded 2 times (x 77B)
Class com.google.common.base.CharMatcher$NamedFastMatcher                             : loaded 2 times (x 110B)
Class org.gradle.internal.InternalTransformer                                         : loaded 2 times (x 68B)
Class org.jetbrains.kotlin.idea.gradleTooling.model.noarg.NoArgModel                  : loaded 2 times (x 68B)
Class org.jetbrains.kotlin.idea.gradleTooling.KotlinGradleModel                       : loaded 2 times (x 68B)
Class org.gradle.tooling.internal.gradle.DefaultBuildIdentifier                       : loaded 2 times (x 77B)
Class org.gradle.internal.service.ServiceLocator                                      : loaded 2 times (x 68B)
Class Settings_gradle$1                                                               : loaded 2 times (x 72B)
Class org.jetbrains.kotlin.idea.gradleTooling.model.allopen.AllOpenModel              : loaded 2 times (x 68B)
Class com.google.common.base.CharMatcher$Invisible                                    : loaded 2 times (x 110B)
Class com.google.common.base.CharMatcher$FastMatcher                                  : loaded 2 times (x 109B)
Class org.gradle.internal.classpath.DefaultClassPath$ImmutableUniqueList              : loaded 2 times (x 159B)
Class org.gradle.internal.time.DefaultTimer                                           : loaded 2 times (x 78B)
Class com.google.common.base.CharMatcher$JavaLetter                                   : loaded 2 times (x 109B)
Class sync_studio_tooling2_24zet0xkx6udf2k0x7csvrgmq                                  : loaded 2 times (x 177B)
Class org.gradle.internal.classpath.TransformedClassPath                              : loaded 2 times (x 94B)
Class Settings_gradle                                                                 : loaded 2 times (x 126B)
Class kotlin.collections.AbstractList$Companion                                       : loaded 2 times (x 69B)
Class com.google.common.collect.ImmutableAsList                                       : loaded 2 times (x 169B)
Class com.google.common.base.CharMatcher$AnyOf                                        : loaded 2 times (x 110B)
Class com.google.common.base.CharMatcher$IsEither                                     : loaded 2 times (x 109B)
Class com.google.common.collect.RegularImmutableList                                  : loaded 2 times (x 172B)
Class com.google.common.base.CharMatcher$JavaUpperCase                                : loaded 2 times (x 109B)


---------------  S Y S T E M  ---------------

OS:
 Windows 11 , 64 bit Build 22621 (10.0.22621.4435)
OS uptime: 0 days 0:38 hours

CPU: total 8 (initial active 8) (4 cores per cpu, 2 threads per core) family 6 model 140 stepping 1 microcode 0x8a, cx8, cmov, fxsr, ht, mmx, 3dnowpref, sse, sse2, sse3, ssse3, sse4.1, sse4.2, popcnt, lzcnt, tsc, tscinvbit, avx, avx2, aes, erms, clmul, bmi1, bmi2, adx, avx512f, avx512dq, avx512cd, avx512bw, avx512vl, sha, fma, vzeroupper, avx512_vpopcntdq, avx512_vpclmulqdq, avx512_vaes, avx512_vnni, clflush, clflushopt, clwb, avx512_vbmi2, avx512_vbmi
Processor Information for processor 0
  Max Mhz: 2419, Current Mhz: 1007, Mhz Limit: 2419
Processor Information for processor 1
  Max Mhz: 2419, Current Mhz: 2419, Mhz Limit: 2419
Processor Information for processor 2
  Max Mhz: 2419, Current Mhz: 2419, Mhz Limit: 2419
Processor Information for processor 3
  Max Mhz: 2419, Current Mhz: 2419, Mhz Limit: 2419
Processor Information for processor 4
  Max Mhz: 2419, Current Mhz: 2419, Mhz Limit: 2419
Processor Information for processor 5
  Max Mhz: 2419, Current Mhz: 2419, Mhz Limit: 2419
Processor Information for processor 6
  Max Mhz: 2419, Current Mhz: 2419, Mhz Limit: 2419
Processor Information for processor 7
  Max Mhz: 2419, Current Mhz: 2419, Mhz Limit: 2419

Memory: 4k page, system-wide physical 7915M (197M free)
TotalPageFile size 32491M (AvailPageFile size 2M)
current process WorkingSet (physical memory assigned to process): 330M, peak: 330M
current process commit charge ("private bytes"): 365M, peak: 366M

vm_info: OpenJDK 64-Bit Server VM (17.0.11+0--11852314) for windows-amd64 JRE (17.0.11+0--11852314), built on May 16 2024 21:29:20 by "androidbuild" with MS VC++ 16.10 / 16.11 (VS2019)

END.
